{"mask_tests": "ok", "cases": 8}
{"step": 1, "method": "dense", "train_loss": 2.483614683151245, "valid_loss": 2.5744842290878296, "valid_accuracy": 0.025}
{"step": 40, "method": "dense", "train_loss": 2.2214651107788086, "valid_loss": 2.431854009628296, "valid_accuracy": 0.0875}
{"step": 80, "method": "dense", "train_loss": 2.4235408306121826, "valid_loss": 2.3539458990097044, "valid_accuracy": 0.0875}
{"step": 120, "method": "dense", "train_loss": 2.3527774810791016, "valid_loss": 2.3648072481155396, "valid_accuracy": 0.05}
{
  "completed": "dense",
  "result": {
    "method": "dense",
    "task": "associative_recall",
    "seq_len": 1024,
    "block_size": 16,
    "degree": 2,
    "steps": 120,
    "batch_size": 8,
    "final_train_loss": 2.3527774810791016,
    "final_valid_loss": 2.355018377304077,
    "final_valid_accuracy": 0.075,
    "tokens_per_sec": 173454.8071142026,
    "elapsed_sec": 5.667412834241986,
    "device": "cuda",
    "gpu_name": "NVIDIA A100-SXM4-80GB",
    "peak_allocated_gb": 1.6025772094726562,
    "peak_reserved_gb": 1.783203125,
    "mask": {
      "raw_k": 1024,
      "effective_k_mean": 1024.0,
      "effective_k_min": 1024,
      "effective_k_max": 1024,
      "duplicate_rate_estimate": 0.0,
      "attention_pair_count": 1048576,
      "self_loop_rate": 1.0
    },
    "task_spec": {
      "num_keys": 64,
      "num_values": 10,
      "query_token": 75,
      "pad_token": 0
    },
    "metrics_path": "../../outputs/synthetic_mvp_gpu_n1024/dense_metrics.jsonl"
  }
}
{"step": 1, "method": "local", "train_loss": 2.4709625244140625, "valid_loss": 2.5645771980285645, "valid_accuracy": 0.0375}
{"step": 40, "method": "local", "train_loss": 2.230497360229492, "valid_loss": 2.4343499898910523, "valid_accuracy": 0.1}
{"step": 80, "method": "local", "train_loss": 2.420738697052002, "valid_loss": 2.35330069065094, "valid_accuracy": 0.075}
{"step": 120, "method": "local", "train_loss": 2.3508365154266357, "valid_loss": 2.3645495414733886, "valid_accuracy": 0.05}
{
  "completed": "local",
  "result": {
    "method": "local",
    "task": "associative_recall",
    "seq_len": 1024,
    "block_size": 16,
    "degree": 2,
    "steps": 120,
    "batch_size": 8,
    "final_train_loss": 2.3508365154266357,
    "final_valid_loss": 2.355216407775879,
    "final_valid_accuracy": 0.075,
    "tokens_per_sec": 208076.21602178056,
    "elapsed_sec": 4.724422708153725,
    "device": "cuda",
    "gpu_name": "NVIDIA A100-SXM4-80GB",
    "peak_allocated_gb": 1.6025772094726562,
    "peak_reserved_gb": 1.783203125,
    "mask": {
      "raw_k": 16,
      "effective_k_mean": 16.0,
      "effective_k_min": 16,
      "effective_k_max": 16,
      "duplicate_rate_estimate": 0.0,
      "attention_pair_count": 16384,
      "self_loop_rate": 1.0
    },
    "task_spec": {
      "num_keys": 64,
      "num_values": 10,
      "query_token": 75,
      "pad_token": 0
    },
    "metrics_path": "../../outputs/synthetic_mvp_gpu_n1024/local_metrics.jsonl"
  }
}
{"step": 1, "method": "random", "train_loss": 2.4758965969085693, "valid_loss": 2.565203881263733, "valid_accuracy": 0.025}
{"step": 40, "method": "random", "train_loss": 2.2267065048217773, "valid_loss": 2.4339284896850586, "valid_accuracy": 0.1}
{"step": 80, "method": "random", "train_loss": 2.4209296703338623, "valid_loss": 2.353144645690918, "valid_accuracy": 0.0875}
{"step": 120, "method": "random", "train_loss": 2.351682186126709, "valid_loss": 2.364775776863098, "valid_accuracy": 0.05}
{
  "completed": "random",
  "result": {
    "method": "random",
    "task": "associative_recall",
    "seq_len": 1024,
    "block_size": 16,
    "degree": 2,
    "steps": 120,
    "batch_size": 8,
    "final_train_loss": 2.351682186126709,
    "final_valid_loss": 2.355375146865845,
    "final_valid_accuracy": 0.075,
    "tokens_per_sec": 206008.6603025174,
    "elapsed_sec": 4.77183822542429,
    "device": "cuda",
    "gpu_name": "NVIDIA A100-SXM4-80GB",
    "peak_allocated_gb": 1.6025772094726562,
    "peak_reserved_gb": 1.783203125,
    "mask": {
      "raw_k": 20,
      "effective_k_mean": 20.0,
      "effective_k_min": 20,
      "effective_k_max": 20,
      "duplicate_rate_estimate": 0.0,
      "attention_pair_count": 20480,
      "self_loop_rate": 1.0
    },
    "task_spec": {
      "num_keys": 64,
      "num_values": 10,
      "query_token": 75,
      "pad_token": 0
    },
    "metrics_path": "../../outputs/synthetic_mvp_gpu_n1024/random_metrics.jsonl"
  }
}
{"step": 1, "method": "zigzag", "train_loss": 2.4695591926574707, "valid_loss": 2.554639768600464, "valid_accuracy": 0.05}
{"step": 40, "method": "zigzag", "train_loss": 2.2338857650756836, "valid_loss": 2.4424239873886107, "valid_accuracy": 0.075}
{"step": 80, "method": "zigzag", "train_loss": 2.426010847091675, "valid_loss": 2.3556721687316893, "valid_accuracy": 0.0875}
{"step": 120, "method": "zigzag", "train_loss": 2.3539602756500244, "valid_loss": 2.3685086965560913, "valid_accuracy": 0.05}
{
  "completed": "zigzag",
  "result": {
    "method": "zigzag",
    "task": "associative_recall",
    "seq_len": 1024,
    "block_size": 16,
    "degree": 2,
    "steps": 120,
    "batch_size": 8,
    "final_train_loss": 2.3539602756500244,
    "final_valid_loss": 2.3519624710083007,
    "final_valid_accuracy": 0.0875,
    "tokens_per_sec": 208438.07641348802,
    "elapsed_sec": 4.716220840811729,
    "device": "cuda",
    "gpu_name": "NVIDIA A100-SXM4-80GB",
    "peak_allocated_gb": 1.6025772094726562,
    "peak_reserved_gb": 1.783203125,
    "mask": {
      "raw_k": 20,
      "effective_k_mean": 20.0,
      "effective_k_min": 20,
      "effective_k_max": 20,
      "duplicate_rate_estimate": 0.0,
      "attention_pair_count": 20480,
      "self_loop_rate": 1.0
    },
    "task_spec": {
      "num_keys": 64,
      "num_values": 10,
      "query_token": 75,
      "pad_token": 0
    },
    "metrics_path": "../../outputs/synthetic_mvp_gpu_n1024/zigzag_metrics.jsonl"
  }
}
