{"mask_tests": "ok", "cases": 8}
{"step": 1, "method": "dense", "train_loss": 1.5265306234359741, "valid_loss": 1.723292961716652, "valid_accuracy": 0.24375}
{"step": 250, "method": "dense", "train_loss": 1.4942779541015625, "valid_loss": 1.3967221289873124, "valid_accuracy": 0.25625}
{"step": 500, "method": "dense", "train_loss": 1.3949142694473267, "valid_loss": 1.3871018052101136, "valid_accuracy": 0.2578125}
{"step": 750, "method": "dense", "train_loss": 1.4080467224121094, "valid_loss": 1.3824337363243102, "valid_accuracy": 0.2859375}
{"step": 1000, "method": "dense", "train_loss": 1.4007501602172852, "valid_loss": 1.3831167757511138, "valid_accuracy": 0.28125}
{"step": 1250, "method": "dense", "train_loss": 1.407614827156067, "valid_loss": 1.383345726132393, "valid_accuracy": 0.28046875}
{"step": 1500, "method": "dense", "train_loss": 1.4208036661148071, "valid_loss": 1.3909368842840195, "valid_accuracy": 0.26953125}
{"step": 1750, "method": "dense", "train_loss": 1.3962738513946533, "valid_loss": 1.389985775947571, "valid_accuracy": 0.278125}
{"step": 2000, "method": "dense", "train_loss": 1.392796277999878, "valid_loss": 1.375529557466507, "valid_accuracy": 0.278125}
{"step": 2250, "method": "dense", "train_loss": 1.3738242387771606, "valid_loss": 1.3800210297107696, "valid_accuracy": 0.28984375}
{"step": 2500, "method": "dense", "train_loss": 1.4128742218017578, "valid_loss": 1.3821420967578888, "valid_accuracy": 0.26640625}
{"step": 2750, "method": "dense", "train_loss": 1.3798539638519287, "valid_loss": 1.3821843713521957, "valid_accuracy": 0.27421875}
{"step": 3000, "method": "dense", "train_loss": 1.3611345291137695, "valid_loss": 1.3686726957559585, "valid_accuracy": 0.29296875}
{
  "completed": "dense",
  "result": {
    "method": "dense",
    "task": "associative_recall",
    "seq_len": 512,
    "block_size": 16,
    "degree": 2,
    "steps": 3000,
    "batch_size": 32,
    "final_train_loss": 1.3611345291137695,
    "final_valid_loss": 1.3830457776784897,
    "final_valid_accuracy": 0.2984375,
    "tokens_per_sec": 304440.1188480412,
    "elapsed_sec": 161.45046909712255,
    "device": "cuda",
    "gpu_name": "NVIDIA A100-SXM4-80GB",
    "peak_allocated_gb": 1.8242416381835938,
    "peak_reserved_gb": 2.09765625,
    "mask": {
      "raw_k": 512,
      "effective_k_mean": 512.0,
      "effective_k_min": 512,
      "effective_k_max": 512,
      "duplicate_rate_estimate": 0.0,
      "attention_pair_count": 262144,
      "self_loop_rate": 1.0
    },
    "task_spec": {
      "num_keys": 32,
      "num_values": 4,
      "query_token": 75,
      "pad_token": 0
    },
    "metrics_path": "../../outputs/synthetic_convergence_n512/dense_metrics.jsonl"
  }
}
{"step": 1, "method": "local", "train_loss": 1.510338544845581, "valid_loss": 1.7388039618730544, "valid_accuracy": 0.2546875}
{"step": 250, "method": "local", "train_loss": 1.4890079498291016, "valid_loss": 1.3998680979013443, "valid_accuracy": 0.2484375}
{"step": 500, "method": "local", "train_loss": 1.3893629312515259, "valid_loss": 1.3906553596258164, "valid_accuracy": 0.246875}
Terminated
