{"mask_tests": "ok", "cases": 8}
{"step": 1, "method": "local", "train_loss": 1.3939533233642578, "valid_loss": 1.893273264169693, "valid_accuracy": 0.23125}
{"step": 100, "method": "local", "train_loss": 1.4013996124267578, "valid_loss": 1.4089408993721009, "valid_accuracy": 0.23125}
{"step": 200, "method": "local", "train_loss": 1.3916823863983154, "valid_loss": 1.3988009572029114, "valid_accuracy": 0.24375}
{"step": 300, "method": "local", "train_loss": 1.4143199920654297, "valid_loss": 1.4239423990249633, "valid_accuracy": 0.253125}
{"step": 400, "method": "local", "train_loss": 1.3975539207458496, "valid_loss": 1.3795364856719972, "valid_accuracy": 0.28125}
{
  "completed": "local",
  "result": {
    "method": "local",
    "task": "associative_recall",
    "seq_len": 512,
    "block_size": 16,
    "degree": 2,
    "steps": 400,
    "batch_size": 16,
    "final_train_loss": 1.3975539207458496,
    "final_valid_loss": 1.386313247680664,
    "final_valid_accuracy": 0.271875,
    "tokens_per_sec": 221688.71511334393,
    "elapsed_sec": 14.781086165457964,
    "device": "cuda",
    "gpu_name": "NVIDIA A100-SXM4-80GB",
    "peak_allocated_gb": 0.9262924194335938,
    "peak_reserved_gb": 1.03515625,
    "mask": {
      "raw_k": 16,
      "effective_k_mean": 16.0,
      "effective_k_min": 16,
      "effective_k_max": 16,
      "duplicate_rate_estimate": 0.0,
      "attention_pair_count": 8192,
      "self_loop_rate": 1.0
    },
    "task_spec": {
      "num_keys": 32,
      "num_values": 4,
      "query_token": 75,
      "pad_token": 0
    },
    "metrics_path": "../../outputs/phase4_zigzag_trial/local_metrics.jsonl"
  }
}
{"step": 1, "method": "zigzag", "train_loss": 1.4020686149597168, "valid_loss": 1.8585594713687896, "valid_accuracy": 0.253125}
{"step": 100, "method": "zigzag", "train_loss": 1.4003050327301025, "valid_loss": 1.4088391304016112, "valid_accuracy": 0.234375}
{"step": 200, "method": "zigzag", "train_loss": 1.392425775527954, "valid_loss": 1.3994948029518128, "valid_accuracy": 0.24375}
{"step": 300, "method": "zigzag", "train_loss": 1.4141416549682617, "valid_loss": 1.4234029054641724, "valid_accuracy": 0.253125}
{"step": 400, "method": "zigzag", "train_loss": 1.39536714553833, "valid_loss": 1.3794742047786712, "valid_accuracy": 0.28125}
{
  "completed": "zigzag",
  "result": {
    "method": "zigzag",
    "task": "associative_recall",
    "seq_len": 512,
    "block_size": 16,
    "degree": 2,
    "steps": 400,
    "batch_size": 16,
    "final_train_loss": 1.39536714553833,
    "final_valid_loss": 1.386420875787735,
    "final_valid_accuracy": 0.26875,
    "tokens_per_sec": 239583.5214158734,
    "elapsed_sec": 13.677067523822188,
    "device": "cuda",
    "gpu_name": "NVIDIA A100-SXM4-80GB",
    "peak_allocated_gb": 0.9262924194335938,
    "peak_reserved_gb": 1.03515625,
    "mask": {
      "raw_k": 20,
      "effective_k_mean": 20.0,
      "effective_k_min": 20,
      "effective_k_max": 20,
      "duplicate_rate_estimate": 0.0,
      "attention_pair_count": 10240,
      "self_loop_rate": 1.0
    },
    "task_spec": {
      "num_keys": 32,
      "num_values": 4,
      "query_token": 75,
      "pad_token": 0
    },
    "metrics_path": "../../outputs/phase4_zigzag_trial/zigzag_metrics.jsonl"
  }
}
