{"mask_tests": "ok", "cases": 8}
{"step": 1, "method": "dense", "seed": 0, "N_train": 128, "N_eval": 128, "train_loss": 2.0985710620880127, "train_token_accuracy": 0.1550387591123581, "train_sequence_accuracy": 0.0, "train_eos_accuracy": 0.0, "eval_loss": 1.9499014019966125, "eval_token_accuracy": 0.20833333333333334, "eval_sequence_accuracy": 0.0, "eval_eos_accuracy": 0.0, "tokens_per_sec": 6645.8321479980705}
{"step": 10, "method": "dense", "seed": 0, "N_train": 128, "N_eval": 128, "train_loss": 1.5479711294174194, "train_token_accuracy": 0.24418604373931885, "train_sequence_accuracy": 0.0, "train_eos_accuracy": 0.0, "eval_loss": 1.5232958793640137, "eval_token_accuracy": 0.2606589147286822, "eval_sequence_accuracy": 0.0, "eval_eos_accuracy": 0.0, "tokens_per_sec": 45379.167832236446}
{"step": 20, "method": "dense", "seed": 0, "N_train": 128, "N_eval": 128, "train_loss": 1.4386155605316162, "train_token_accuracy": 0.2422480583190918, "train_sequence_accuracy": 0.0, "train_eos_accuracy": 0.0, "eval_loss": 1.4449941515922546, "eval_token_accuracy": 0.2742248062015504, "eval_sequence_accuracy": 0.0, "eval_eos_accuracy": 0.0, "tokens_per_sec": 61724.97437993031}
{
  "completed": "train_N128_seed0_dense",
  "evals": [
    {
      "run_id": "train_N128_seed0_dense",
      "timestamp": "2026-06-12T05:14:40.012287+00:00",
      "host": "hhpc",
      "local_or_remote": "remote",
      "git_commit": "75330e074f67e3f181dc3e4cab2d941eb54dbf2d",
      "config_path": "configs/copy_v05_smoke.json",
      "config_sha256": "2590d5af79852064249503c451cd818aff222d1bb3b53ac06660a9b7f2ea95de",
      "command": "/home/huiwei/miniconda3/envs/ysx_base/bin/python scripts/synthetic_mvp.py --config configs/copy_v05_smoke.json --output-dir outputs/copy_v05_smoke_gpu",
      "output_dir": "outputs/copy_v05_smoke_gpu/train_N128_seed0_dense",
      "log_path": "",
      "CUDA_VISIBLE_DEVICES": "1",
      "gpu_name": "NVIDIA A100-SXM4-80GB",
      "torch_version": "2.10.0+cu128",
      "task": "copy",
      "data_mode": "online",
      "num_values": 4,
      "copy_mode": "full_copy",
      "sep_token": 5,
      "eos_token": 6,
      "pad_token": 0,
      "method": "dense",
      "attention_backend": "dense_mask",
      "N_train": 128,
      "N_eval": 128,
      "T_raw": 258,
      "T": 272,
      "B": 16,
      "d": 2,
      "G_type": "cyclic",
      "H_type": "cycle",
      "causal": true,
      "seed": 0,
      "architecture": "transformer",
      "layers": 2,
      "d_model": 64,
      "heads": 4,
      "ffn_dim": 128,
      "dropout": 0.1,
      "optimizer": "adamw",
      "learning_rate": 0.001,
      "log_every": 10,
      "steps": 20,
      "batch_size": 4,
      "eval_batches": 2,
      "raw_K": 272,
      "effective_K_mean_after_causal": 136.5,
      "effective_K_min_after_causal": 1,
      "effective_K_max_after_causal": 272,
      "duplicate_rate": 0.49816176470588236,
      "self_loop_rate": 1.0,
      "attention_pair_count_after_causal": 37128,
      "final_train_loss": 1.4386155605316162,
      "eval_loss": 1.4418111443519592,
      "eval_token_accuracy": 0.2703488372093023,
      "eval_sequence_accuracy": 0.0,
      "eval_eos_accuracy": 0.0,
      "training_curves_path": "outputs/copy_v05_smoke_gpu/train_N128_seed0_dense/training_curves.png",
      "tokens_per_sec": 60313.8046755935,
      "elapsed_sec": 0.36077976040542126,
      "peak_allocated_gb": 0.05060434341430664,
      "peak_reserved_gb": 0.0703125,
      "artifact_dir": "outputs/copy_v05_smoke_gpu/train_N128_seed0_dense",
      "metrics_path": "outputs/copy_v05_smoke_gpu/train_N128_seed0_dense/metrics.jsonl",
      "neighbor_shape": null,
      "block_pair_shape": null,
      "status": "ok",
      "failure_reason": ""
    }
  ]
}
{"step": 1, "method": "local", "seed": 0, "N_train": 128, "N_eval": 128, "train_loss": 2.0912325382232666, "train_token_accuracy": 0.15697674453258514, "train_sequence_accuracy": 0.0, "train_eos_accuracy": 0.0, "eval_loss": 1.9404438734054565, "eval_token_accuracy": 0.2054263565891473, "eval_sequence_accuracy": 0.0, "eval_eos_accuracy": 0.125, "tokens_per_sec": 64247.40391259682}
{"step": 10, "method": "local", "seed": 0, "N_train": 128, "N_eval": 128, "train_loss": 1.550781488418579, "train_token_accuracy": 0.2461240291595459, "train_sequence_accuracy": 0.0, "train_eos_accuracy": 0.0, "eval_loss": 1.5236164927482605, "eval_token_accuracy": 0.26647286821705424, "eval_sequence_accuracy": 0.0, "eval_eos_accuracy": 0.0, "tokens_per_sec": 88695.63359514071}
{"step": 20, "method": "local", "seed": 0, "N_train": 128, "N_eval": 128, "train_loss": 1.4339061975479126, "train_token_accuracy": 0.25193798542022705, "train_sequence_accuracy": 0.0, "train_eos_accuracy": 0.0, "eval_loss": 1.4398927688598633, "eval_token_accuracy": 0.2761627906976744, "eval_sequence_accuracy": 0.0, "eval_eos_accuracy": 0.0, "tokens_per_sec": 82265.0438377845}
{
  "completed": "train_N128_seed0_local",
  "evals": [
    {
      "run_id": "train_N128_seed0_local",
      "timestamp": "2026-06-12T05:14:40.875184+00:00",
      "host": "hhpc",
      "local_or_remote": "remote",
      "git_commit": "75330e074f67e3f181dc3e4cab2d941eb54dbf2d",
      "config_path": "configs/copy_v05_smoke.json",
      "config_sha256": "2590d5af79852064249503c451cd818aff222d1bb3b53ac06660a9b7f2ea95de",
      "command": "/home/huiwei/miniconda3/envs/ysx_base/bin/python scripts/synthetic_mvp.py --config configs/copy_v05_smoke.json --output-dir outputs/copy_v05_smoke_gpu",
      "output_dir": "outputs/copy_v05_smoke_gpu/train_N128_seed0_local",
      "log_path": "",
      "CUDA_VISIBLE_DEVICES": "1",
      "gpu_name": "NVIDIA A100-SXM4-80GB",
      "torch_version": "2.10.0+cu128",
      "task": "copy",
      "data_mode": "online",
      "num_values": 4,
      "copy_mode": "full_copy",
      "sep_token": 5,
      "eos_token": 6,
      "pad_token": 0,
      "method": "local",
      "attention_backend": "split",
      "N_train": 128,
      "N_eval": 128,
      "T_raw": 258,
      "T": 272,
      "B": 16,
      "d": 2,
      "G_type": "cyclic",
      "H_type": "cycle",
      "causal": true,
      "seed": 0,
      "architecture": "transformer",
      "layers": 2,
      "d_model": 64,
      "heads": 4,
      "ffn_dim": 128,
      "dropout": 0.1,
      "optimizer": "adamw",
      "learning_rate": 0.001,
      "log_every": 10,
      "steps": 20,
      "batch_size": 4,
      "eval_batches": 2,
      "raw_K": 16,
      "effective_K_mean_after_causal": 8.5,
      "effective_K_min_after_causal": 1,
      "effective_K_max_after_causal": 16,
      "duplicate_rate": 0.46875,
      "self_loop_rate": 1.0,
      "attention_pair_count_after_causal": 2312,
      "final_train_loss": 1.4339061975479126,
      "eval_loss": 1.4343942403793335,
      "eval_token_accuracy": 0.26647286821705424,
      "eval_sequence_accuracy": 0.0,
      "eval_eos_accuracy": 0.0,
      "training_curves_path": "outputs/copy_v05_smoke_gpu/train_N128_seed0_local/training_curves.png",
      "tokens_per_sec": 79594.31828286774,
      "elapsed_sec": 0.2733863480389118,
      "peak_allocated_gb": 0.02676534652709961,
      "peak_reserved_gb": 0.05078125,
      "artifact_dir": "outputs/copy_v05_smoke_gpu/train_N128_seed0_local",
      "metrics_path": "outputs/copy_v05_smoke_gpu/train_N128_seed0_local/metrics.jsonl",
      "neighbor_shape": [
        272,
        0
      ],
      "block_pair_shape": null,
      "status": "ok",
      "failure_reason": ""
    }
  ]
}
{"step": 1, "method": "random", "seed": 0, "N_train": 128, "N_eval": 128, "train_loss": 2.0921630859375, "train_token_accuracy": 0.15697674453258514, "train_sequence_accuracy": 0.0, "train_eos_accuracy": 0.0, "eval_loss": 1.943635642528534, "eval_token_accuracy": 0.20445736434108527, "eval_sequence_accuracy": 0.0, "eval_eos_accuracy": 0.0, "tokens_per_sec": 63547.95880121779}
{"step": 10, "method": "random", "seed": 0, "N_train": 128, "N_eval": 128, "train_loss": 1.5526906251907349, "train_token_accuracy": 0.2538759708404541, "train_sequence_accuracy": 0.0, "train_eos_accuracy": 0.0, "eval_loss": 1.526952862739563, "eval_token_accuracy": 0.26841085271317827, "eval_sequence_accuracy": 0.0, "eval_eos_accuracy": 0.0, "tokens_per_sec": 69429.47974907968}
{"step": 20, "method": "random", "seed": 0, "N_train": 128, "N_eval": 128, "train_loss": 1.4361577033996582, "train_token_accuracy": 0.25, "train_sequence_accuracy": 0.0, "train_eos_accuracy": 0.0, "eval_loss": 1.4460899829864502, "eval_token_accuracy": 0.27810077519379844, "eval_sequence_accuracy": 0.0, "eval_eos_accuracy": 0.0, "tokens_per_sec": 63117.53931051754}
{
  "completed": "train_N128_seed0_random",
  "evals": [
    {
      "run_id": "train_N128_seed0_random",
      "timestamp": "2026-06-12T05:14:41.884016+00:00",
      "host": "hhpc",
      "local_or_remote": "remote",
      "git_commit": "75330e074f67e3f181dc3e4cab2d941eb54dbf2d",
      "config_path": "configs/copy_v05_smoke.json",
      "config_sha256": "2590d5af79852064249503c451cd818aff222d1bb3b53ac06660a9b7f2ea95de",
      "command": "/home/huiwei/miniconda3/envs/ysx_base/bin/python scripts/synthetic_mvp.py --config configs/copy_v05_smoke.json --output-dir outputs/copy_v05_smoke_gpu",
      "output_dir": "outputs/copy_v05_smoke_gpu/train_N128_seed0_random",
      "log_path": "",
      "CUDA_VISIBLE_DEVICES": "1",
      "gpu_name": "NVIDIA A100-SXM4-80GB",
      "torch_version": "2.10.0+cu128",
      "task": "copy",
      "data_mode": "online",
      "num_values": 4,
      "copy_mode": "full_copy",
      "sep_token": 5,
      "eos_token": 6,
      "pad_token": 0,
      "method": "random",
      "attention_backend": "split",
      "N_train": 128,
      "N_eval": 128,
      "T_raw": 258,
      "T": 272,
      "B": 16,
      "d": 2,
      "G_type": "cyclic",
      "H_type": "cycle",
      "causal": true,
      "seed": 0,
      "architecture": "transformer",
      "layers": 2,
      "d_model": 64,
      "heads": 4,
      "ffn_dim": 128,
      "dropout": 0.1,
      "optimizer": "adamw",
      "learning_rate": 0.001,
      "log_every": 10,
      "steps": 20,
      "batch_size": 4,
      "eval_batches": 2,
      "raw_K": 20,
      "effective_K_mean_after_causal": 10.459558486938477,
      "effective_K_min_after_causal": 1,
      "effective_K_max_after_causal": 20,
      "duplicate_rate": 0.4770220756530762,
      "self_loop_rate": 1.0,
      "attention_pair_count_after_causal": 2845,
      "final_train_loss": 1.4361577033996582,
      "eval_loss": 1.4412879347801208,
      "eval_token_accuracy": 0.2703488372093023,
      "eval_sequence_accuracy": 0.0,
      "eval_eos_accuracy": 0.0,
      "training_curves_path": "outputs/copy_v05_smoke_gpu/train_N128_seed0_random/training_curves.png",
      "tokens_per_sec": 61161.29551315573,
      "elapsed_sec": 0.35578056052327156,
      "peak_allocated_gb": 0.0327763557434082,
      "peak_reserved_gb": 0.052734375,
      "artifact_dir": "outputs/copy_v05_smoke_gpu/train_N128_seed0_random",
      "metrics_path": "outputs/copy_v05_smoke_gpu/train_N128_seed0_random/metrics.jsonl",
      "neighbor_shape": [
        272,
        4
      ],
      "block_pair_shape": null,
      "status": "ok",
      "failure_reason": ""
    }
  ]
}
{"step": 1, "method": "zigzag", "seed": 0, "N_train": 128, "N_eval": 128, "train_loss": 2.092495918273926, "train_token_accuracy": 0.1627907007932663, "train_sequence_accuracy": 0.0, "train_eos_accuracy": 0.0, "eval_loss": 1.9415375590324402, "eval_token_accuracy": 0.21027131782945738, "eval_sequence_accuracy": 0.0, "eval_eos_accuracy": 0.0, "tokens_per_sec": 63891.88833688516}
{"step": 10, "method": "zigzag", "seed": 0, "N_train": 128, "N_eval": 128, "train_loss": 1.5542962551116943, "train_token_accuracy": 0.24806201457977295, "train_sequence_accuracy": 0.0, "train_eos_accuracy": 0.0, "eval_loss": 1.5255409479141235, "eval_token_accuracy": 0.26453488372093026, "eval_sequence_accuracy": 0.0, "eval_eos_accuracy": 0.0, "tokens_per_sec": 69682.0207214568}
{"step": 20, "method": "zigzag", "seed": 0, "N_train": 128, "N_eval": 128, "train_loss": 1.4364928007125854, "train_token_accuracy": 0.25581395626068115, "train_sequence_accuracy": 0.0, "train_eos_accuracy": 0.0, "eval_loss": 1.4460903406143188, "eval_token_accuracy": 0.2742248062015504, "eval_sequence_accuracy": 0.0, "eval_eos_accuracy": 0.0, "tokens_per_sec": 63239.43897208821}
{
  "completed": "train_N128_seed0_zigzag",
  "evals": [
    {
      "run_id": "train_N128_seed0_zigzag",
      "timestamp": "2026-06-12T05:14:42.840981+00:00",
      "host": "hhpc",
      "local_or_remote": "remote",
      "git_commit": "75330e074f67e3f181dc3e4cab2d941eb54dbf2d",
      "config_path": "configs/copy_v05_smoke.json",
      "config_sha256": "2590d5af79852064249503c451cd818aff222d1bb3b53ac06660a9b7f2ea95de",
      "command": "/home/huiwei/miniconda3/envs/ysx_base/bin/python scripts/synthetic_mvp.py --config configs/copy_v05_smoke.json --output-dir outputs/copy_v05_smoke_gpu",
      "output_dir": "outputs/copy_v05_smoke_gpu/train_N128_seed0_zigzag",
      "log_path": "",
      "CUDA_VISIBLE_DEVICES": "1",
      "gpu_name": "NVIDIA A100-SXM4-80GB",
      "torch_version": "2.10.0+cu128",
      "task": "copy",
      "data_mode": "online",
      "num_values": 4,
      "copy_mode": "full_copy",
      "sep_token": 5,
      "eos_token": 6,
      "pad_token": 0,
      "method": "zigzag",
      "attention_backend": "split",
      "N_train": 128,
      "N_eval": 128,
      "T_raw": 258,
      "T": 272,
      "B": 16,
      "d": 2,
      "G_type": "cyclic",
      "H_type": "cycle",
      "causal": true,
      "seed": 0,
      "architecture": "transformer",
      "layers": 2,
      "d_model": 64,
      "heads": 4,
      "ffn_dim": 128,
      "dropout": 0.1,
      "optimizer": "adamw",
      "learning_rate": 0.001,
      "log_every": 10,
      "steps": 20,
      "batch_size": 4,
      "eval_batches": 2,
      "raw_K": 20,
      "effective_K_mean_after_causal": 10.5,
      "effective_K_min_after_causal": 1,
      "effective_K_max_after_causal": 20,
      "duplicate_rate": 0.475,
      "self_loop_rate": 1.0,
      "attention_pair_count_after_causal": 2856,
      "final_train_loss": 1.4364928007125854,
      "eval_loss": 1.4418233036994934,
      "eval_token_accuracy": 0.2751937984496124,
      "eval_sequence_accuracy": 0.0,
      "eval_eos_accuracy": 0.0,
      "training_curves_path": "outputs/copy_v05_smoke_gpu/train_N128_seed0_zigzag/training_curves.png",
      "tokens_per_sec": 61283.68884368595,
      "elapsed_sec": 0.35507000982761383,
      "peak_allocated_gb": 0.0327763557434082,
      "peak_reserved_gb": 0.052734375,
      "artifact_dir": "outputs/copy_v05_smoke_gpu/train_N128_seed0_zigzag",
      "metrics_path": "outputs/copy_v05_smoke_gpu/train_N128_seed0_zigzag/metrics.jsonl",
      "neighbor_shape": [
        272,
        4
      ],
      "block_pair_shape": null,
      "status": "ok",
      "failure_reason": ""
    }
  ]
}
