{"mask_tests": "ok", "cases": 4}
{"timestamp_utc": "2026-06-14T11:21:26.890667+00:00", "step": 1, "epoch": 0, "method": "dense", "seed": 0, "elapsed_sec_total": 0.3770770002156496, "seconds_since_prev_log": 0.3770770002156496, "N_train": 511, "N_eval": 511, "train_loss": 2.082610607147217, "train_token_accuracy": 0.147216796875, "train_sequence_accuracy": 0.0, "train_eos_accuracy": 0.1875, "eval_loss": 1.5959133625030517, "eval_token_accuracy": 0.25076904296875, "eval_sequence_accuracy": 0.0, "eval_eos_accuracy": 0.0, "tokens_per_sec": 86900.02302251276, "learning_rate": 0.001, "lr_scheduler": "constant", "peak_allocated_gb": 11.39859914779663, "peak_reserved_gb": 11.765625, "effective_K_mean_after_causal": 512.5, "attention_pair_count_after_causal": 524800}
{"timestamp_utc": "2026-06-14T11:21:28.673081+00:00", "step": 10, "epoch": 0, "method": "dense", "seed": 0, "elapsed_sec_total": 2.1655534766614437, "seconds_since_prev_log": 1.788476476445794, "N_train": 511, "N_eval": 511, "train_loss": 1.4110796451568604, "train_token_accuracy": 0.24761962890625, "train_sequence_accuracy": 0.0, "train_eos_accuracy": 0.0, "eval_loss": 1.4131271123886109, "eval_token_accuracy": 0.249169921875, "eval_sequence_accuracy": 0.0, "eval_eos_accuracy": 0.0, "tokens_per_sec": 151314.66552614185, "learning_rate": 0.001, "lr_scheduler": "constant", "peak_allocated_gb": 11.407488346099854, "peak_reserved_gb": 11.76953125, "effective_K_mean_after_causal": 512.5, "attention_pair_count_after_causal": 524800}
{"timestamp_utc": "2026-06-14T11:21:30.620675+00:00", "step": 20, "epoch": 0, "method": "dense", "seed": 0, "elapsed_sec_total": 4.113980516791344, "seconds_since_prev_log": 1.9484270401299, "N_train": 511, "N_eval": 511, "train_loss": 1.4047901630401611, "train_token_accuracy": 0.24798583984375, "train_sequence_accuracy": 0.0, "train_eos_accuracy": 0.0, "eval_loss": 1.4040910720825195, "eval_token_accuracy": 0.25040283203125, "eval_sequence_accuracy": 0.0, "eval_eos_accuracy": 0.0, "tokens_per_sec": 159300.70580673075, "learning_rate": 0.001, "lr_scheduler": "constant", "peak_allocated_gb": 11.407488346099854, "peak_reserved_gb": 11.76953125, "effective_K_mean_after_causal": 512.5, "attention_pair_count_after_causal": 524800}
{"timestamp_utc": "2026-06-14T11:21:32.559707+00:00", "step": 30, "epoch": 0, "method": "dense", "seed": 0, "elapsed_sec_total": 6.0536075215786695, "seconds_since_prev_log": 1.9396270047873259, "N_train": 511, "N_eval": 511, "train_loss": 1.4017934799194336, "train_token_accuracy": 0.25225830078125, "train_sequence_accuracy": 0.0, "train_eos_accuracy": 0.0, "eval_loss": 1.4006869316101074, "eval_token_accuracy": 0.24884033203125, "eval_sequence_accuracy": 0.0, "eval_eos_accuracy": 0.0, "tokens_per_sec": 162389.12028833365, "learning_rate": 0.001, "lr_scheduler": "constant", "peak_allocated_gb": 11.407488346099854, "peak_reserved_gb": 11.76953125, "effective_K_mean_after_causal": 512.5, "attention_pair_count_after_causal": 524800}
{"timestamp_utc": "2026-06-14T11:21:34.504225+00:00", "step": 40, "epoch": 0, "method": "dense", "seed": 0, "elapsed_sec_total": 7.997048955410719, "seconds_since_prev_log": 1.9434414338320494, "N_train": 511, "N_eval": 511, "train_loss": 1.4006493091583252, "train_token_accuracy": 0.24884033203125, "train_sequence_accuracy": 0.0, "train_eos_accuracy": 0.0, "eval_loss": 1.3995489358901978, "eval_token_accuracy": 0.2509765625, "eval_sequence_accuracy": 0.0, "eval_eos_accuracy": 0.0, "tokens_per_sec": 163900.45969559567, "learning_rate": 0.001, "lr_scheduler": "constant", "peak_allocated_gb": 11.407488346099854, "peak_reserved_gb": 11.76953125, "effective_K_mean_after_causal": 512.5, "attention_pair_count_after_causal": 524800}
{"timestamp_utc": "2026-06-14T11:21:36.451166+00:00", "step": 50, "epoch": 0, "method": "dense", "seed": 0, "elapsed_sec_total": 9.945031352341175, "seconds_since_prev_log": 1.9479823969304562, "N_train": 511, "N_eval": 511, "train_loss": 1.3991788625717163, "train_token_accuracy": 0.24725341796875, "train_sequence_accuracy": 0.0, "train_eos_accuracy": 0.0, "eval_loss": 1.3991300582885742, "eval_token_accuracy": 0.2489501953125, "eval_sequence_accuracy": 0.0, "eval_eos_accuracy": 0.0, "tokens_per_sec": 164745.58419710782, "learning_rate": 0.001, "lr_scheduler": "constant", "peak_allocated_gb": 11.407488346099854, "peak_reserved_gb": 11.76953125, "effective_K_mean_after_causal": 512.5, "attention_pair_count_after_causal": 524800}
{"timestamp_utc": "2026-06-14T11:21:38.397999+00:00", "step": 60, "epoch": 0, "method": "dense", "seed": 0, "elapsed_sec_total": 11.89097361639142, "seconds_since_prev_log": 1.9459422640502453, "N_train": 511, "N_eval": 511, "train_loss": 1.3985273838043213, "train_token_accuracy": 0.25469970703125, "train_sequence_accuracy": 0.0, "train_eos_accuracy": 0.0, "eval_loss": 1.3985812425613404, "eval_token_accuracy": 0.24901123046875, "eval_sequence_accuracy": 0.0, "eval_eos_accuracy": 0.0, "tokens_per_sec": 165342.22204393812, "learning_rate": 0.001, "lr_scheduler": "constant", "peak_allocated_gb": 11.407488346099854, "peak_reserved_gb": 11.76953125, "effective_K_mean_after_causal": 512.5, "attention_pair_count_after_causal": 524800}
{"timestamp_utc": "2026-06-14T11:21:40.345396+00:00", "step": 70, "epoch": 0, "method": "dense", "seed": 0, "elapsed_sec_total": 13.838088784366846, "seconds_since_prev_log": 1.9471151679754257, "N_train": 511, "N_eval": 511, "train_loss": 1.3983862400054932, "train_token_accuracy": 0.24969482421875, "train_sequence_accuracy": 0.0, "train_eos_accuracy": 0.0, "eval_loss": 1.3979146480560303, "eval_token_accuracy": 0.25093994140625, "eval_sequence_accuracy": 0.0, "eval_eos_accuracy": 0.0, "tokens_per_sec": 165756.99402877834, "learning_rate": 0.001, "lr_scheduler": "constant", "peak_allocated_gb": 11.407488346099854, "peak_reserved_gb": 11.76953125, "effective_K_mean_after_causal": 512.5, "attention_pair_count_after_causal": 524800}
{"timestamp_utc": "2026-06-14T11:21:42.296065+00:00", "step": 80, "epoch": 0, "method": "dense", "seed": 0, "elapsed_sec_total": 15.78696888871491, "seconds_since_prev_log": 1.9488801043480635, "N_train": 511, "N_eval": 511, "train_loss": 1.3978204727172852, "train_token_accuracy": 0.25115966796875, "train_sequence_accuracy": 0.0, "train_eos_accuracy": 0.0, "eval_loss": 1.3974528312683105, "eval_token_accuracy": 0.24805908203125, "eval_sequence_accuracy": 0.0, "eval_eos_accuracy": 0.0, "tokens_per_sec": 166050.87515399483, "learning_rate": 0.001, "lr_scheduler": "constant", "peak_allocated_gb": 11.407488346099854, "peak_reserved_gb": 11.76953125, "effective_K_mean_after_causal": 512.5, "attention_pair_count_after_causal": 524800}
{"timestamp_utc": "2026-06-14T11:21:44.249616+00:00", "step": 90, "epoch": 0, "method": "dense", "seed": 0, "elapsed_sec_total": 17.742083756253123, "seconds_since_prev_log": 1.9551148675382137, "N_train": 511, "N_eval": 511, "train_loss": 1.3967814445495605, "train_token_accuracy": 0.2481689453125, "train_sequence_accuracy": 0.0, "train_eos_accuracy": 0.0, "eval_loss": 1.396976852416992, "eval_token_accuracy": 0.25015869140625, "eval_sequence_accuracy": 0.0, "eval_eos_accuracy": 0.0, "tokens_per_sec": 166221.73812929922, "learning_rate": 0.001, "lr_scheduler": "constant", "peak_allocated_gb": 11.407488346099854, "peak_reserved_gb": 11.76953125, "effective_K_mean_after_causal": 512.5, "attention_pair_count_after_causal": 524800}
{"timestamp_utc": "2026-06-14T11:21:46.201980+00:00", "step": 100, "epoch": 0, "method": "dense", "seed": 0, "elapsed_sec_total": 19.6938465423882, "seconds_since_prev_log": 1.9517627861350775, "N_train": 511, "N_eval": 511, "train_loss": 1.395439863204956, "train_token_accuracy": 0.24920654296875, "train_sequence_accuracy": 0.0, "train_eos_accuracy": 0.0, "eval_loss": 1.3950418472290038, "eval_token_accuracy": 0.2495361328125, "eval_sequence_accuracy": 0.0, "eval_eos_accuracy": 0.0, "tokens_per_sec": 166386.99773287837, "learning_rate": 0.001, "lr_scheduler": "constant", "peak_allocated_gb": 11.407488346099854, "peak_reserved_gb": 11.76953125, "effective_K_mean_after_causal": 512.5, "attention_pair_count_after_causal": 524800}
{"timestamp_utc": "2026-06-14T11:21:48.160509+00:00", "step": 110, "epoch": 0, "method": "dense", "seed": 0, "elapsed_sec_total": 21.65322973765433, "seconds_since_prev_log": 1.9593831952661276, "N_train": 511, "N_eval": 511, "train_loss": 1.3910932540893555, "train_token_accuracy": 0.24700927734375, "train_sequence_accuracy": 0.0, "train_eos_accuracy": 0.03125, "eval_loss": 1.389983892440796, "eval_token_accuracy": 0.2515869140625, "eval_sequence_accuracy": 0.0, "eval_eos_accuracy": 0.225, "tokens_per_sec": 166463.8505973968, "learning_rate": 0.001, "lr_scheduler": "constant", "peak_allocated_gb": 11.407488346099854, "peak_reserved_gb": 11.76953125, "effective_K_mean_after_causal": 512.5, "attention_pair_count_after_causal": 524800}
{"timestamp_utc": "2026-06-14T11:21:50.114471+00:00", "step": 120, "epoch": 0, "method": "dense", "seed": 0, "elapsed_sec_total": 23.607330605387688, "seconds_since_prev_log": 1.9541008677333593, "N_train": 511, "N_eval": 511, "train_loss": 1.3862218856811523, "train_token_accuracy": 0.2547607421875, "train_sequence_accuracy": 0.0, "train_eos_accuracy": 1.0, "eval_loss": 1.3855712413787842, "eval_token_accuracy": 0.25142822265625, "eval_sequence_accuracy": 0.0, "eval_eos_accuracy": 1.0, "tokens_per_sec": 166565.2108545724, "learning_rate": 0.001, "lr_scheduler": "constant", "peak_allocated_gb": 11.407488346099854, "peak_reserved_gb": 11.76953125, "effective_K_mean_after_causal": 512.5, "attention_pair_count_after_causal": 524800}
{"timestamp_utc": "2026-06-14T11:21:52.069148+00:00", "step": 130, "epoch": 0, "method": "dense", "seed": 0, "elapsed_sec_total": 25.560502484440804, "seconds_since_prev_log": 1.9531718790531158, "N_train": 511, "N_eval": 511, "train_loss": 1.3858973979949951, "train_token_accuracy": 0.24822998046875, "train_sequence_accuracy": 0.0, "train_eos_accuracy": 1.0, "eval_loss": 1.3849319458007812, "eval_token_accuracy": 0.253076171875, "eval_sequence_accuracy": 0.0, "eval_eos_accuracy": 1.0, "tokens_per_sec": 166657.1305706158, "learning_rate": 0.001, "lr_scheduler": "constant", "peak_allocated_gb": 11.407488346099854, "peak_reserved_gb": 11.76953125, "effective_K_mean_after_causal": 512.5, "attention_pair_count_after_causal": 524800}
{"timestamp_utc": "2026-06-14T11:21:54.024276+00:00", "step": 140, "epoch": 0, "method": "dense", "seed": 0, "elapsed_sec_total": 27.514381807297468, "seconds_since_prev_log": 1.9538793228566647, "N_train": 511, "N_eval": 511, "train_loss": 1.3855323791503906, "train_token_accuracy": 0.2503662109375, "train_sequence_accuracy": 0.0, "train_eos_accuracy": 1.0, "eval_loss": 1.3850337743759156, "eval_token_accuracy": 0.2512451171875, "eval_sequence_accuracy": 0.0, "eval_eos_accuracy": 1.0, "tokens_per_sec": 166731.71260505228, "learning_rate": 0.001, "lr_scheduler": "constant", "peak_allocated_gb": 11.407488346099854, "peak_reserved_gb": 11.76953125, "effective_K_mean_after_causal": 512.5, "attention_pair_count_after_causal": 524800}
{"timestamp_utc": "2026-06-14T11:21:55.983422+00:00", "step": 150, "epoch": 0, "method": "dense", "seed": 0, "elapsed_sec_total": 29.472501104697585, "seconds_since_prev_log": 1.958119297400117, "N_train": 511, "N_eval": 511, "train_loss": 1.3862042427062988, "train_token_accuracy": 0.24725341796875, "train_sequence_accuracy": 0.0, "train_eos_accuracy": 1.0, "eval_loss": 1.385035753250122, "eval_token_accuracy": 0.25191650390625, "eval_sequence_accuracy": 0.0, "eval_eos_accuracy": 1.0, "tokens_per_sec": 166772.40871208493, "learning_rate": 0.001, "lr_scheduler": "constant", "peak_allocated_gb": 11.407488346099854, "peak_reserved_gb": 11.76953125, "effective_K_mean_after_causal": 512.5, "attention_pair_count_after_causal": 524800}
{"timestamp_utc": "2026-06-14T11:21:57.942643+00:00", "step": 160, "epoch": 0, "method": "dense", "seed": 0, "elapsed_sec_total": 31.432816721498966, "seconds_since_prev_log": 1.9603156168013811, "N_train": 511, "N_eval": 511, "train_loss": 1.3851654529571533, "train_token_accuracy": 0.2510986328125, "train_sequence_accuracy": 0.0, "train_eos_accuracy": 1.0, "eval_loss": 1.3845147371292115, "eval_token_accuracy": 0.25391845703125, "eval_sequence_accuracy": 0.0, "eval_eos_accuracy": 1.0, "tokens_per_sec": 166796.37865269804, "learning_rate": 0.001, "lr_scheduler": "constant", "peak_allocated_gb": 11.407488346099854, "peak_reserved_gb": 11.76953125, "effective_K_mean_after_causal": 512.5, "attention_pair_count_after_causal": 524800}
{"timestamp_utc": "2026-06-14T11:21:59.903735+00:00", "step": 170, "epoch": 0, "method": "dense", "seed": 0, "elapsed_sec_total": 33.39269609749317, "seconds_since_prev_log": 1.9598793759942055, "N_train": 511, "N_eval": 511, "train_loss": 1.385235071182251, "train_token_accuracy": 0.2542724609375, "train_sequence_accuracy": 0.0, "train_eos_accuracy": 1.0, "eval_loss": 1.3844985246658326, "eval_token_accuracy": 0.253271484375, "eval_sequence_accuracy": 0.0, "eval_eos_accuracy": 1.0, "tokens_per_sec": 166819.71362049403, "learning_rate": 0.001, "lr_scheduler": "constant", "peak_allocated_gb": 11.407488346099854, "peak_reserved_gb": 11.76953125, "effective_K_mean_after_causal": 512.5, "attention_pair_count_after_causal": 524800}
{"timestamp_utc": "2026-06-14T11:22:01.863719+00:00", "step": 180, "epoch": 0, "method": "dense", "seed": 0, "elapsed_sec_total": 35.35370905511081, "seconds_since_prev_log": 1.9610129576176405, "N_train": 511, "N_eval": 511, "train_loss": 1.3856921195983887, "train_token_accuracy": 0.25555419921875, "train_sequence_accuracy": 0.0, "train_eos_accuracy": 1.0, "eval_loss": 1.3842732191085816, "eval_token_accuracy": 0.2560302734375, "eval_sequence_accuracy": 0.0, "eval_eos_accuracy": 1.0, "tokens_per_sec": 166835.11172209913, "learning_rate": 0.001, "lr_scheduler": "constant", "peak_allocated_gb": 11.407488346099854, "peak_reserved_gb": 11.76953125, "effective_K_mean_after_causal": 512.5, "attention_pair_count_after_causal": 524800}
{"timestamp_utc": "2026-06-14T11:22:03.823134+00:00", "step": 190, "epoch": 0, "method": "dense", "seed": 0, "elapsed_sec_total": 37.31374570168555, "seconds_since_prev_log": 1.9600366465747356, "N_train": 511, "N_eval": 511, "train_loss": 1.385685682296753, "train_token_accuracy": 0.24774169921875, "train_sequence_accuracy": 0.0, "train_eos_accuracy": 1.0, "eval_loss": 1.38425452709198, "eval_token_accuracy": 0.255029296875, "eval_sequence_accuracy": 0.0, "eval_eos_accuracy": 1.0, "tokens_per_sec": 166853.2569679479, "learning_rate": 0.001, "lr_scheduler": "constant", "peak_allocated_gb": 11.407488346099854, "peak_reserved_gb": 11.76953125, "effective_K_mean_after_causal": 512.5, "attention_pair_count_after_causal": 524800}
{"timestamp_utc": "2026-06-14T11:22:05.782808+00:00", "step": 200, "epoch": 0, "method": "dense", "seed": 0, "elapsed_sec_total": 39.27259678207338, "seconds_since_prev_log": 1.9588510803878307, "N_train": 511, "N_eval": 511, "train_loss": 1.3840532302856445, "train_token_accuracy": 0.25762939453125, "train_sequence_accuracy": 0.0, "train_eos_accuracy": 1.0, "eval_loss": 1.384318208694458, "eval_token_accuracy": 0.25198974609375, "eval_sequence_accuracy": 0.0, "eval_eos_accuracy": 1.0, "tokens_per_sec": 166874.62854484576, "learning_rate": 0.001, "lr_scheduler": "constant", "peak_allocated_gb": 11.407488346099854, "peak_reserved_gb": 11.76953125, "effective_K_mean_after_causal": 512.5, "attention_pair_count_after_causal": 524800}
{
  "completed": "train_N511_seed0_dense",
  "evals": [
    {
      "version": "v07",
      "run_id": "train_N511_seed0_dense",
      "status": "ok",
      "failure_reason": "",
      "timestamp": "2026-06-14T11:22:06.351704+00:00",
      "timestamp_utc": "2026-06-14T11:22:06.351726+00:00",
      "host": "hhpc",
      "local_or_remote": "remote",
      "git_commit": "a143e01",
      "config_path": "configs/copy_v07_smoke_n1024_q32_B32_d8.json",
      "config_sha256": "9ee94905b9c24850979216dcaf3bf9efc70594d469833097bcda1f8888b244db",
      "command": "/home/huiwei/miniconda3/envs/ysx_base/bin/python scripts/run_experiment.py --config configs/copy_v07_smoke_n1024_q32_B32_d8.json --output-dir outputs/copy_v07_smoke_n1024_q32_B32_d8 --device cuda --local-or-remote remote --log-path logs/copy_v07_smoke_n1024_q32_B32_d8_20260614T112121Z.log",
      "output_dir": "outputs/copy_v07_smoke_n1024_q32_B32_d8/train_N511_seed0_dense",
      "log_path": "logs/copy_v07_smoke_n1024_q32_B32_d8_20260614T112121Z.log",
      "CUDA_VISIBLE_DEVICES": "3",
      "gpu_name": "NVIDIA A100-SXM4-80GB",
      "torch_version": "2.10.0+cu128",
      "python_version": "3.10.0",
      "task": "copy",
      "data_mode": "online",
      "num_values": 4,
      "copy_mode": "full_copy",
      "sep_token": 5,
      "eos_token": 6,
      "pad_token": 0,
      "method": "dense",
      "graph_id": "v07_B32_d8_s0_619e9b962fc61bfd",
      "graph_seed": 0,
      "graph_generation_algorithm": "zigzag_v07_fixed_N1024_q32_B32_d8",
      "canonical_graph_dir": "outputs/v07_graph_n1024_q32_B32_d8",
      "canonical_graph_artifact_path": "outputs/v07_graph_n1024_q32_B32_d8/selected_graph.json",
      "canonical_graph_artifact_sha256": "53ae37a6584833a1d20d51162a01a03d18bf7eeb9fd0efd2ebf3b8a482427a48",
      "canonical_graph_seed": 0,
      "canonical_graph_generation_algorithm": "zigzag_v07_fixed_N1024_q32_B32_d8",
      "graph_generation_status": "ok",
      "graph_generation_attempts": 1,
      "graph_artifact_path": "outputs/copy_v07_smoke_n1024_q32_B32_d8/train_N511_seed0_dense/artifacts/graph/selected_graph.json",
      "graph_generation_path": "outputs/copy_v07_smoke_n1024_q32_B32_d8/train_N511_seed0_dense/artifacts/graph/graph_generation.json",
      "graph_certificate_path": "outputs/copy_v07_smoke_n1024_q32_B32_d8/train_N511_seed0_dense/artifacts/graph/graph_certificate.json",
      "graph_artifact_sha256": "53ae37a6584833a1d20d51162a01a03d18bf7eeb9fd0efd2ebf3b8a482427a48",
      "graph_artifact_sha256_matches_canonical": true,
      "graph_certificate_sha256": "6a3c14d21a5091152499b5d573aa16249b95187dda552eb75405cf3ff8580054",
      "rho_zigzag_bound": 0.9114789606824917,
      "rho_zigzag_certified": true,
      "rho_zigzag_exact": 0.46386654287979273,
      "rot_g_is_bijection": true,
      "P_G_row_stochastic_error": 0.0,
      "P_G_col_stochastic_error": 0.0,
      "P_H_row_stochastic_error": 0.0,
      "P_H_col_stochastic_error": 0.0,
      "collision_count_mean": 16.40625,
      "artifact_dir": "outputs/copy_v07_smoke_n1024_q32_B32_d8/train_N511_seed0_dense",
      "graph_generation_sha256": "86b3a7f0eb6cd2cc7cb50c678e2dc7f12c11f83fc8db9a49b3c02472316425b7",
      "attention_backend": "dense_mask",
      "N_total": 1024,
      "copy_source_length": 511,
      "N_train": 511,
      "N_eval": 511,
      "T_raw": 1024,
      "T": 1024,
      "B": 32,
      "d": 8,
      "G_type": "permutation_regular",
      "H_type": "permutation_regular",
      "causal": true,
      "multiplicity_mode": "unique_log_m",
      "seed": 0,
      "architecture": "transformer",
      "layers": 8,
      "d_model": 128,
      "heads": 4,
      "ffn_dim": 256,
      "dropout": 0.1,
      "optimizer": "adamw",
      "learning_rate": 0.001,
      "base_learning_rate": 0.001,
      "lr_scheduler": "constant",
      "warmup_ratio": 0.0,
      "warmup_steps": 0,
      "min_lr_ratio": 0.0,
      "min_learning_rate": 0.0,
      "cosine_total_steps": 200,
      "weight_decay": 0.0,
      "grad_clip_norm": 0.0,
      "log_every": 10,
      "eval_every": 10,
      "checkpoint_every": 0,
      "steps": 200,
      "batch_size": 32,
      "eval_batch_size": 32,
      "eval_batches": 5,
      "raw_K": 1024,
      "unique_K_mean": 512.5,
      "effective_K_mean_after_causal": 512.5,
      "effective_K_min_after_causal": 1,
      "effective_K_max_after_causal": 1024,
      "pre_causal_unique_K_mean": 1024.0,
      "pre_causal_pair_count": 1048576,
      "duplicate_rate": 0.49951171875,
      "self_loop_rate": 1.0,
      "attention_pair_count_after_causal": 524800,
      "zigzag_actual_k_min_after_causal": 1,
      "zigzag_actual_k_mean_after_causal": 40.263671875,
      "zigzag_actual_k_max_after_causal": 80,
      "zigzag_attention_pair_count_after_causal": 41230,
      "random_target_k_source": "zigzag_actual_post_causal",
      "random_actual_k_min_after_causal": 1,
      "random_actual_k_mean_after_causal": 40.263671875,
      "random_actual_k_max_after_causal": 80,
      "random_attention_pair_count_after_causal": 41230,
      "random_k_alignment_error_mean": 0.0,
      "random_k_alignment_error_max": 0,
      "random_alignment_mode": "per_query",
      "random_k_aligned_to_zigzag": "",
      "lambda_G": 0.0625,
      "mu_H": 0.6436248213046418,
      "rho_bound": 0.9114789606824917,
      "rho_exact": 0.46386654287979273,
      "certified": false,
      "graph_certified": "",
      "implementation_certified": "",
      "theory_aligned_method": false,
      "remote_local_overlap_mean": 0.0,
      "target_in_1hop_rate": 0.998046875,
      "target_in_2hop_rate": 0.998046875,
      "target_in_Lhop_rate": 0.998046875,
      "average_shortest_path": 1.0,
      "unreachable_rate": 0.001953125,
      "final_train_loss": 1.3840532302856445,
      "eval_loss": 1.3842580795288086,
      "eval_token_accuracy": 0.25181884765625,
      "eval_sequence_accuracy": 0.0,
      "eval_eos_accuracy": 1.0,
      "training_curves_path": "outputs/copy_v07_smoke_n1024_q32_B32_d8/train_N511_seed0_dense/training_curves.png",
      "tokens_per_sec": 165733.97143485866,
      "elapsed_sec": 39.54288878291845,
      "total_wall_time_sec": 39.54288878291845,
      "train_wall_time_sec": 39.54288878291845,
      "eval_wall_time_sec": 0.0,
      "data_prep_wall_time_sec": 0.0,
      "peak_allocated_gb": 11.407488346099854,
      "peak_reserved_gb": 11.76953125,
      "metrics_path": "outputs/copy_v07_smoke_n1024_q32_B32_d8/train_N511_seed0_dense/metrics.jsonl",
      "summary_path": "outputs/copy_v07_smoke_n1024_q32_B32_d8/train_N511_seed0_dense/summary.json",
      "raw_config_snapshot_path": "outputs/copy_v07_smoke_n1024_q32_B32_d8/train_N511_seed0_dense/raw_config_snapshot.json",
      "resolved_config_snapshot_path": "outputs/copy_v07_smoke_n1024_q32_B32_d8/train_N511_seed0_dense/resolved_config_snapshot.json",
      "neighbor_shape": null,
      "block_pair_shape": null
    }
  ]
}
{"timestamp_utc": "2026-06-14T11:22:07.117310+00:00", "step": 1, "epoch": 0, "method": "local", "seed": 0, "elapsed_sec_total": 0.059082990512251854, "seconds_since_prev_log": 0.059082990512251854, "N_train": 511, "N_eval": 511, "train_loss": 2.0826265811920166, "train_token_accuracy": 0.14605712890625, "train_sequence_accuracy": 0.0, "train_eos_accuracy": 0.25, "eval_loss": 1.6052929639816285, "eval_token_accuracy": 0.25081787109375, "eval_sequence_accuracy": 0.0, "eval_eos_accuracy": 0.0, "tokens_per_sec": 554609.7060406074, "learning_rate": 0.001, "lr_scheduler": "constant", "peak_allocated_gb": 1.992774486541748, "peak_reserved_gb": 2.203125, "effective_K_mean_after_causal": 16.5, "attention_pair_count_after_causal": 16896}
{"timestamp_utc": "2026-06-14T11:22:07.568493+00:00", "step": 10, "epoch": 0, "method": "local", "seed": 0, "elapsed_sec_total": 0.5072630140930414, "seconds_since_prev_log": 0.44818002358078957, "N_train": 511, "N_eval": 511, "train_loss": 1.4115246534347534, "train_token_accuracy": 0.24871826171875, "train_sequence_accuracy": 0.0, "train_eos_accuracy": 0.0, "eval_loss": 1.4113527536392212, "eval_token_accuracy": 0.24923095703125, "eval_sequence_accuracy": 0.0, "eval_eos_accuracy": 0.0, "tokens_per_sec": 645976.5267646685, "learning_rate": 0.001, "lr_scheduler": "constant", "peak_allocated_gb": 2.0016636848449707, "peak_reserved_gb": 2.203125, "effective_K_mean_after_causal": 16.5, "attention_pair_count_after_causal": 16896}
{"timestamp_utc": "2026-06-14T11:22:08.075977+00:00", "step": 20, "epoch": 0, "method": "local", "seed": 0, "elapsed_sec_total": 1.0134742353111506, "seconds_since_prev_log": 0.5062112212181091, "N_train": 511, "N_eval": 511, "train_loss": 1.403731346130371, "train_token_accuracy": 0.24725341796875, "train_sequence_accuracy": 0.0, "train_eos_accuracy": 0.0, "eval_loss": 1.4022831201553345, "eval_token_accuracy": 0.25091552734375, "eval_sequence_accuracy": 0.0, "eval_eos_accuracy": 0.0, "tokens_per_sec": 646646.9271404768, "learning_rate": 0.001, "lr_scheduler": "constant", "peak_allocated_gb": 2.0016636848449707, "peak_reserved_gb": 2.203125, "effective_K_mean_after_causal": 16.5, "attention_pair_count_after_causal": 16896}
{"timestamp_utc": "2026-06-14T11:22:08.587465+00:00", "step": 30, "epoch": 0, "method": "local", "seed": 0, "elapsed_sec_total": 1.5244826916605234, "seconds_since_prev_log": 0.5110084563493729, "N_train": 511, "N_eval": 511, "train_loss": 1.4015288352966309, "train_token_accuracy": 0.2509765625, "train_sequence_accuracy": 0.0, "train_eos_accuracy": 0.0, "eval_loss": 1.3998461008071899, "eval_token_accuracy": 0.2502685546875, "eval_sequence_accuracy": 0.0, "eval_eos_accuracy": 0.0, "tokens_per_sec": 644835.1335030483, "learning_rate": 0.001, "lr_scheduler": "constant", "peak_allocated_gb": 2.0016636848449707, "peak_reserved_gb": 2.203125, "effective_K_mean_after_causal": 16.5, "attention_pair_count_after_causal": 16896}
{"timestamp_utc": "2026-06-14T11:22:09.100245+00:00", "step": 40, "epoch": 0, "method": "local", "seed": 0, "elapsed_sec_total": 2.0375482384115458, "seconds_since_prev_log": 0.5130655467510223, "N_train": 511, "N_eval": 511, "train_loss": 1.4000422954559326, "train_token_accuracy": 0.2520751953125, "train_sequence_accuracy": 0.0, "train_eos_accuracy": 0.0, "eval_loss": 1.3991510152816773, "eval_token_accuracy": 0.24876708984375, "eval_sequence_accuracy": 0.0, "eval_eos_accuracy": 0.0, "tokens_per_sec": 643282.9295967125, "learning_rate": 0.001, "lr_scheduler": "constant", "peak_allocated_gb": 2.0016636848449707, "peak_reserved_gb": 2.203125, "effective_K_mean_after_causal": 16.5, "attention_pair_count_after_causal": 16896}
{"timestamp_utc": "2026-06-14T11:22:09.610685+00:00", "step": 50, "epoch": 0, "method": "local", "seed": 0, "elapsed_sec_total": 2.5475236270576715, "seconds_since_prev_log": 0.5099753886461258, "N_train": 511, "N_eval": 511, "train_loss": 1.3992650508880615, "train_token_accuracy": 0.253662109375, "train_sequence_accuracy": 0.0, "train_eos_accuracy": 0.0, "eval_loss": 1.3994500875473022, "eval_token_accuracy": 0.24951171875, "eval_sequence_accuracy": 0.0, "eval_eos_accuracy": 0.0, "tokens_per_sec": 643134.3688428565, "learning_rate": 0.001, "lr_scheduler": "constant", "peak_allocated_gb": 2.0016636848449707, "peak_reserved_gb": 2.203125, "effective_K_mean_after_causal": 16.5, "attention_pair_count_after_causal": 16896}
{"timestamp_utc": "2026-06-14T11:22:10.121204+00:00", "step": 60, "epoch": 0, "method": "local", "seed": 0, "elapsed_sec_total": 3.0584040712565184, "seconds_since_prev_log": 0.5108804441988468, "N_train": 511, "N_eval": 511, "train_loss": 1.3989691734313965, "train_token_accuracy": 0.24853515625, "train_sequence_accuracy": 0.0, "train_eos_accuracy": 0.0, "eval_loss": 1.3988778829574584, "eval_token_accuracy": 0.247802734375, "eval_sequence_accuracy": 0.0, "eval_eos_accuracy": 0.0, "tokens_per_sec": 642845.0767763506, "learning_rate": 0.001, "lr_scheduler": "constant", "peak_allocated_gb": 2.0016636848449707, "peak_reserved_gb": 2.203125, "effective_K_mean_after_causal": 16.5, "attention_pair_count_after_causal": 16896}
{"timestamp_utc": "2026-06-14T11:22:10.629060+00:00", "step": 70, "epoch": 0, "method": "local", "seed": 0, "elapsed_sec_total": 3.5663045570254326, "seconds_since_prev_log": 0.5079004857689142, "N_train": 511, "N_eval": 511, "train_loss": 1.3991984128952026, "train_token_accuracy": 0.2471923828125, "train_sequence_accuracy": 0.0, "train_eos_accuracy": 0.0, "eval_loss": 1.3978665113449096, "eval_token_accuracy": 0.25010986328125, "eval_sequence_accuracy": 0.0, "eval_eos_accuracy": 0.0, "tokens_per_sec": 643175.5794612138, "learning_rate": 0.001, "lr_scheduler": "constant", "peak_allocated_gb": 2.0016636848449707, "peak_reserved_gb": 2.203125, "effective_K_mean_after_causal": 16.5, "attention_pair_count_after_causal": 16896}
{"timestamp_utc": "2026-06-14T11:22:11.131658+00:00", "step": 80, "epoch": 0, "method": "local", "seed": 0, "elapsed_sec_total": 4.068744268268347, "seconds_since_prev_log": 0.5024397112429142, "N_train": 511, "N_eval": 511, "train_loss": 1.3979263305664062, "train_token_accuracy": 0.24713134765625, "train_sequence_accuracy": 0.0, "train_eos_accuracy": 0.0, "eval_loss": 1.3975494384765625, "eval_token_accuracy": 0.24765625, "eval_sequence_accuracy": 0.0, "eval_eos_accuracy": 0.0, "tokens_per_sec": 644287.236345695, "learning_rate": 0.001, "lr_scheduler": "constant", "peak_allocated_gb": 2.0016636848449707, "peak_reserved_gb": 2.203125, "effective_K_mean_after_causal": 16.5, "attention_pair_count_after_causal": 16896}
{"timestamp_utc": "2026-06-14T11:22:11.637911+00:00", "step": 90, "epoch": 0, "method": "local", "seed": 0, "elapsed_sec_total": 4.575266575440764, "seconds_since_prev_log": 0.5065223071724176, "N_train": 511, "N_eval": 511, "train_loss": 1.3964202404022217, "train_token_accuracy": 0.2552490234375, "train_sequence_accuracy": 0.0, "train_eos_accuracy": 0.0, "eval_loss": 1.3965116024017334, "eval_token_accuracy": 0.24737548828125, "eval_sequence_accuracy": 0.0, "eval_eos_accuracy": 0.0, "tokens_per_sec": 644578.8352159333, "learning_rate": 0.001, "lr_scheduler": "constant", "peak_allocated_gb": 2.0016636848449707, "peak_reserved_gb": 2.203125, "effective_K_mean_after_causal": 16.5, "attention_pair_count_after_causal": 16896}
{"timestamp_utc": "2026-06-14T11:22:12.148047+00:00", "step": 100, "epoch": 0, "method": "local", "seed": 0, "elapsed_sec_total": 5.085019176825881, "seconds_since_prev_log": 0.5097526013851166, "N_train": 511, "N_eval": 511, "train_loss": 1.3945813179016113, "train_token_accuracy": 0.25299072265625, "train_sequence_accuracy": 0.0, "train_eos_accuracy": 0.0, "eval_loss": 1.3936289072036743, "eval_token_accuracy": 0.24769287109375, "eval_sequence_accuracy": 0.0, "eval_eos_accuracy": 0.0, "tokens_per_sec": 644402.682871574, "learning_rate": 0.001, "lr_scheduler": "constant", "peak_allocated_gb": 2.0016636848449707, "peak_reserved_gb": 2.203125, "effective_K_mean_after_causal": 16.5, "attention_pair_count_after_causal": 16896}
{"timestamp_utc": "2026-06-14T11:22:12.657152+00:00", "step": 110, "epoch": 0, "method": "local", "seed": 0, "elapsed_sec_total": 5.594241749495268, "seconds_since_prev_log": 0.5092225726693869, "N_train": 511, "N_eval": 511, "train_loss": 1.3880622386932373, "train_token_accuracy": 0.2454833984375, "train_sequence_accuracy": 0.0, "train_eos_accuracy": 1.0, "eval_loss": 1.3868558645248412, "eval_token_accuracy": 0.2529296875, "eval_sequence_accuracy": 0.0, "eval_eos_accuracy": 1.0, "tokens_per_sec": 644319.6703691271, "learning_rate": 0.001, "lr_scheduler": "constant", "peak_allocated_gb": 2.0016636848449707, "peak_reserved_gb": 2.203125, "effective_K_mean_after_causal": 16.5, "attention_pair_count_after_causal": 16896}
{"timestamp_utc": "2026-06-14T11:22:13.163825+00:00", "step": 120, "epoch": 0, "method": "local", "seed": 0, "elapsed_sec_total": 6.100664312019944, "seconds_since_prev_log": 0.5064225625246763, "N_train": 511, "N_eval": 511, "train_loss": 1.3852604627609253, "train_token_accuracy": 0.25262451171875, "train_sequence_accuracy": 0.0, "train_eos_accuracy": 1.0, "eval_loss": 1.3852978467941284, "eval_token_accuracy": 0.25341796875, "eval_sequence_accuracy": 0.0, "eval_eos_accuracy": 1.0, "tokens_per_sec": 644546.200034739, "learning_rate": 0.001, "lr_scheduler": "constant", "peak_allocated_gb": 2.0016636848449707, "peak_reserved_gb": 2.203125, "effective_K_mean_after_causal": 16.5, "attention_pair_count_after_causal": 16896}
{"timestamp_utc": "2026-06-14T11:22:13.672595+00:00", "step": 130, "epoch": 0, "method": "local", "seed": 0, "elapsed_sec_total": 6.609871547669172, "seconds_since_prev_log": 0.5092072356492281, "N_train": 511, "N_eval": 511, "train_loss": 1.3852624893188477, "train_token_accuracy": 0.25323486328125, "train_sequence_accuracy": 0.0, "train_eos_accuracy": 1.0, "eval_loss": 1.384995174407959, "eval_token_accuracy": 0.24990234375, "eval_sequence_accuracy": 0.0, "eval_eos_accuracy": 1.0, "tokens_per_sec": 644466.381726002, "learning_rate": 0.001, "lr_scheduler": "constant", "peak_allocated_gb": 2.0016636848449707, "peak_reserved_gb": 2.203125, "effective_K_mean_after_causal": 16.5, "attention_pair_count_after_causal": 16896}
{"timestamp_utc": "2026-06-14T11:22:14.182913+00:00", "step": 140, "epoch": 0, "method": "local", "seed": 0, "elapsed_sec_total": 7.1198973804712296, "seconds_since_prev_log": 0.5100258328020573, "N_train": 511, "N_eval": 511, "train_loss": 1.386199712753296, "train_token_accuracy": 0.25225830078125, "train_sequence_accuracy": 0.0, "train_eos_accuracy": 1.0, "eval_loss": 1.384793210029602, "eval_token_accuracy": 0.25018310546875, "eval_sequence_accuracy": 0.0, "eval_eos_accuracy": 1.0, "tokens_per_sec": 644323.893288526, "learning_rate": 0.001, "lr_scheduler": "constant", "peak_allocated_gb": 2.0016636848449707, "peak_reserved_gb": 2.203125, "effective_K_mean_after_causal": 16.5, "attention_pair_count_after_causal": 16896}
{"timestamp_utc": "2026-06-14T11:22:14.692633+00:00", "step": 150, "epoch": 0, "method": "local", "seed": 0, "elapsed_sec_total": 7.629719387739897, "seconds_since_prev_log": 0.5098220072686672, "N_train": 511, "N_eval": 511, "train_loss": 1.3860955238342285, "train_token_accuracy": 0.24591064453125, "train_sequence_accuracy": 0.0, "train_eos_accuracy": 1.0, "eval_loss": 1.3850584030151367, "eval_token_accuracy": 0.2506103515625, "eval_sequence_accuracy": 0.0, "eval_eos_accuracy": 1.0, "tokens_per_sec": 644217.6638761021, "learning_rate": 0.001, "lr_scheduler": "constant", "peak_allocated_gb": 2.0016636848449707, "peak_reserved_gb": 2.203125, "effective_K_mean_after_causal": 16.5, "attention_pair_count_after_causal": 16896}
{"timestamp_utc": "2026-06-14T11:22:15.212127+00:00", "step": 160, "epoch": 0, "method": "local", "seed": 0, "elapsed_sec_total": 8.149118639528751, "seconds_since_prev_log": 0.5193992517888546, "N_train": 511, "N_eval": 511, "train_loss": 1.3852379322052002, "train_token_accuracy": 0.24884033203125, "train_sequence_accuracy": 0.0, "train_eos_accuracy": 1.0, "eval_loss": 1.3846009731292725, "eval_token_accuracy": 0.25010986328125, "eval_sequence_accuracy": 0.0, "eval_eos_accuracy": 1.0, "tokens_per_sec": 643367.7348331237, "learning_rate": 0.001, "lr_scheduler": "constant", "peak_allocated_gb": 2.0016636848449707, "peak_reserved_gb": 2.203125, "effective_K_mean_after_causal": 16.5, "attention_pair_count_after_causal": 16896}
{"timestamp_utc": "2026-06-14T11:22:15.721076+00:00", "step": 170, "epoch": 0, "method": "local", "seed": 0, "elapsed_sec_total": 8.658015597611666, "seconds_since_prev_log": 0.5088969580829144, "N_train": 511, "N_eval": 511, "train_loss": 1.3859899044036865, "train_token_accuracy": 0.2498779296875, "train_sequence_accuracy": 0.0, "train_eos_accuracy": 1.0, "eval_loss": 1.3845401525497436, "eval_token_accuracy": 0.25166015625, "eval_sequence_accuracy": 0.0, "eval_eos_accuracy": 1.0, "tokens_per_sec": 643399.1643000334, "learning_rate": 0.001, "lr_scheduler": "constant", "peak_allocated_gb": 2.0016636848449707, "peak_reserved_gb": 2.203125, "effective_K_mean_after_causal": 16.5, "attention_pair_count_after_causal": 16896}
{"timestamp_utc": "2026-06-14T11:22:16.231442+00:00", "step": 180, "epoch": 0, "method": "local", "seed": 0, "elapsed_sec_total": 9.167956592515111, "seconds_since_prev_log": 0.5099409949034452, "N_train": 511, "N_eval": 511, "train_loss": 1.3857944011688232, "train_token_accuracy": 0.2498779296875, "train_sequence_accuracy": 0.0, "train_eos_accuracy": 1.0, "eval_loss": 1.3850546598434448, "eval_token_accuracy": 0.25240478515625, "eval_sequence_accuracy": 0.0, "eval_eos_accuracy": 1.0, "tokens_per_sec": 643353.8314105275, "learning_rate": 0.001, "lr_scheduler": "constant", "peak_allocated_gb": 2.0016636848449707, "peak_reserved_gb": 2.203125, "effective_K_mean_after_causal": 16.5, "attention_pair_count_after_causal": 16896}
{"timestamp_utc": "2026-06-14T11:22:16.744325+00:00", "step": 190, "epoch": 0, "method": "local", "seed": 0, "elapsed_sec_total": 9.680970756337047, "seconds_since_prev_log": 0.5130141638219357, "N_train": 511, "N_eval": 511, "train_loss": 1.3858444690704346, "train_token_accuracy": 0.24664306640625, "train_sequence_accuracy": 0.0, "train_eos_accuracy": 1.0, "eval_loss": 1.3844005584716796, "eval_token_accuracy": 0.25367431640625, "eval_sequence_accuracy": 0.0, "eval_eos_accuracy": 1.0, "tokens_per_sec": 643109.0596905882, "learning_rate": 0.001, "lr_scheduler": "constant", "peak_allocated_gb": 2.0016636848449707, "peak_reserved_gb": 2.203125, "effective_K_mean_after_causal": 16.5, "attention_pair_count_after_causal": 16896}
{"timestamp_utc": "2026-06-14T11:22:17.255584+00:00", "step": 200, "epoch": 0, "method": "local", "seed": 0, "elapsed_sec_total": 10.192254345864058, "seconds_since_prev_log": 0.5112835895270109, "N_train": 511, "N_eval": 511, "train_loss": 1.384698748588562, "train_token_accuracy": 0.25592041015625, "train_sequence_accuracy": 0.0, "train_eos_accuracy": 1.0, "eval_loss": 1.3843764781951904, "eval_token_accuracy": 0.25142822265625, "eval_sequence_accuracy": 0.0, "eval_eos_accuracy": 1.0, "tokens_per_sec": 642998.0824271132, "learning_rate": 0.001, "lr_scheduler": "constant", "peak_allocated_gb": 2.0016636848449707, "peak_reserved_gb": 2.203125, "effective_K_mean_after_causal": 16.5, "attention_pair_count_after_causal": 16896}
{
  "completed": "train_N511_seed0_local",
  "evals": [
    {
      "version": "v07",
      "run_id": "train_N511_seed0_local",
      "status": "ok",
      "failure_reason": "",
      "timestamp": "2026-06-14T11:22:17.784170+00:00",
      "timestamp_utc": "2026-06-14T11:22:17.784191+00:00",
      "host": "hhpc",
      "local_or_remote": "remote",
      "git_commit": "a143e01",
      "config_path": "configs/copy_v07_smoke_n1024_q32_B32_d8.json",
      "config_sha256": "9ee94905b9c24850979216dcaf3bf9efc70594d469833097bcda1f8888b244db",
      "command": "/home/huiwei/miniconda3/envs/ysx_base/bin/python scripts/run_experiment.py --config configs/copy_v07_smoke_n1024_q32_B32_d8.json --output-dir outputs/copy_v07_smoke_n1024_q32_B32_d8 --device cuda --local-or-remote remote --log-path logs/copy_v07_smoke_n1024_q32_B32_d8_20260614T112121Z.log",
      "output_dir": "outputs/copy_v07_smoke_n1024_q32_B32_d8/train_N511_seed0_local",
      "log_path": "logs/copy_v07_smoke_n1024_q32_B32_d8_20260614T112121Z.log",
      "CUDA_VISIBLE_DEVICES": "3",
      "gpu_name": "NVIDIA A100-SXM4-80GB",
      "torch_version": "2.10.0+cu128",
      "python_version": "3.10.0",
      "task": "copy",
      "data_mode": "online",
      "num_values": 4,
      "copy_mode": "full_copy",
      "sep_token": 5,
      "eos_token": 6,
      "pad_token": 0,
      "method": "local",
      "graph_id": "v07_B32_d8_s0_619e9b962fc61bfd",
      "graph_seed": 0,
      "graph_generation_algorithm": "zigzag_v07_fixed_N1024_q32_B32_d8",
      "canonical_graph_dir": "outputs/v07_graph_n1024_q32_B32_d8",
      "canonical_graph_artifact_path": "outputs/v07_graph_n1024_q32_B32_d8/selected_graph.json",
      "canonical_graph_artifact_sha256": "53ae37a6584833a1d20d51162a01a03d18bf7eeb9fd0efd2ebf3b8a482427a48",
      "canonical_graph_seed": 0,
      "canonical_graph_generation_algorithm": "zigzag_v07_fixed_N1024_q32_B32_d8",
      "graph_generation_status": "ok",
      "graph_generation_attempts": 1,
      "graph_artifact_path": "outputs/copy_v07_smoke_n1024_q32_B32_d8/train_N511_seed0_local/artifacts/graph/selected_graph.json",
      "graph_generation_path": "outputs/copy_v07_smoke_n1024_q32_B32_d8/train_N511_seed0_local/artifacts/graph/graph_generation.json",
      "graph_certificate_path": "outputs/copy_v07_smoke_n1024_q32_B32_d8/train_N511_seed0_local/artifacts/graph/graph_certificate.json",
      "graph_artifact_sha256": "53ae37a6584833a1d20d51162a01a03d18bf7eeb9fd0efd2ebf3b8a482427a48",
      "graph_artifact_sha256_matches_canonical": true,
      "graph_certificate_sha256": "6a3c14d21a5091152499b5d573aa16249b95187dda552eb75405cf3ff8580054",
      "rho_zigzag_bound": 0.9114789606824917,
      "rho_zigzag_certified": true,
      "rho_zigzag_exact": 0.46386654287979273,
      "rot_g_is_bijection": true,
      "P_G_row_stochastic_error": 0.0,
      "P_G_col_stochastic_error": 0.0,
      "P_H_row_stochastic_error": 0.0,
      "P_H_col_stochastic_error": 0.0,
      "collision_count_mean": 16.40625,
      "artifact_dir": "outputs/copy_v07_smoke_n1024_q32_B32_d8/train_N511_seed0_local",
      "graph_generation_sha256": "5ff510c5d750b4fb943f66c3afb05da6b36ad5a68ea2ddf8f87ee36d93b8cea4",
      "attention_backend": "split",
      "N_total": 1024,
      "copy_source_length": 511,
      "N_train": 511,
      "N_eval": 511,
      "T_raw": 1024,
      "T": 1024,
      "B": 32,
      "d": 8,
      "G_type": "permutation_regular",
      "H_type": "permutation_regular",
      "causal": true,
      "multiplicity_mode": "unique_log_m",
      "seed": 0,
      "architecture": "transformer",
      "layers": 8,
      "d_model": 128,
      "heads": 4,
      "ffn_dim": 256,
      "dropout": 0.1,
      "optimizer": "adamw",
      "learning_rate": 0.001,
      "base_learning_rate": 0.001,
      "lr_scheduler": "constant",
      "warmup_ratio": 0.0,
      "warmup_steps": 0,
      "min_lr_ratio": 0.0,
      "min_learning_rate": 0.0,
      "cosine_total_steps": 200,
      "weight_decay": 0.0,
      "grad_clip_norm": 0.0,
      "log_every": 10,
      "eval_every": 10,
      "checkpoint_every": 0,
      "steps": 200,
      "batch_size": 32,
      "eval_batch_size": 32,
      "eval_batches": 5,
      "raw_K": 32,
      "unique_K_mean": 16.5,
      "effective_K_mean_after_causal": 16.5,
      "effective_K_min_after_causal": 1,
      "effective_K_max_after_causal": 32,
      "pre_causal_unique_K_mean": 32.0,
      "pre_causal_pair_count": 32768,
      "duplicate_rate": 0.484375,
      "self_loop_rate": 1.0,
      "attention_pair_count_after_causal": 16896,
      "zigzag_actual_k_min_after_causal": 1,
      "zigzag_actual_k_mean_after_causal": 40.263671875,
      "zigzag_actual_k_max_after_causal": 80,
      "zigzag_attention_pair_count_after_causal": 41230,
      "random_target_k_source": "zigzag_actual_post_causal",
      "random_actual_k_min_after_causal": 1,
      "random_actual_k_mean_after_causal": 40.263671875,
      "random_actual_k_max_after_causal": 80,
      "random_attention_pair_count_after_causal": 41230,
      "random_k_alignment_error_mean": 0.0,
      "random_k_alignment_error_max": 0,
      "random_alignment_mode": "per_query",
      "random_k_aligned_to_zigzag": "",
      "lambda_G": 0.0625,
      "mu_H": 0.6436248213046418,
      "rho_bound": 0.9114789606824917,
      "rho_exact": 0.46386654287979273,
      "certified": false,
      "graph_certified": "",
      "implementation_certified": "",
      "theory_aligned_method": false,
      "remote_local_overlap_mean": 0.0,
      "target_in_1hop_rate": 0.0,
      "target_in_2hop_rate": 0.0,
      "target_in_Lhop_rate": 0.0,
      "average_shortest_path": Infinity,
      "unreachable_rate": 1.0,
      "final_train_loss": 1.384698748588562,
      "eval_loss": 1.384346890449524,
      "eval_token_accuracy": 0.2517333984375,
      "eval_sequence_accuracy": 0.0,
      "eval_eos_accuracy": 1.0,
      "training_curves_path": "outputs/copy_v07_smoke_n1024_q32_B32_d8/train_N511_seed0_local/training_curves.png",
      "tokens_per_sec": 638760.4912445334,
      "elapsed_sec": 10.259870624169707,
      "total_wall_time_sec": 10.259870624169707,
      "train_wall_time_sec": 10.259870624169707,
      "eval_wall_time_sec": 0.0,
      "data_prep_wall_time_sec": 0.0,
      "peak_allocated_gb": 2.0016636848449707,
      "peak_reserved_gb": 2.203125,
      "metrics_path": "outputs/copy_v07_smoke_n1024_q32_B32_d8/train_N511_seed0_local/metrics.jsonl",
      "summary_path": "outputs/copy_v07_smoke_n1024_q32_B32_d8/train_N511_seed0_local/summary.json",
      "raw_config_snapshot_path": "outputs/copy_v07_smoke_n1024_q32_B32_d8/train_N511_seed0_local/raw_config_snapshot.json",
      "resolved_config_snapshot_path": "outputs/copy_v07_smoke_n1024_q32_B32_d8/train_N511_seed0_local/resolved_config_snapshot.json",
      "neighbor_shape": [
        1024,
        0
      ],
      "block_pair_shape": null
    }
  ]
}
{"timestamp_utc": "2026-06-14T11:22:19.486966+00:00", "step": 1, "epoch": 0, "method": "zigzag_certified", "seed": 0, "elapsed_sec_total": 0.4770036693662405, "seconds_since_prev_log": 0.4770036693662405, "N_train": 511, "N_eval": 511, "train_loss": 2.0834250450134277, "train_token_accuracy": 0.1451416015625, "train_sequence_accuracy": 0.0, "train_eos_accuracy": 0.21875, "eval_loss": 1.5982614517211915, "eval_token_accuracy": 0.25030517578125, "eval_sequence_accuracy": 0.0, "eval_eos_accuracy": 0.0, "tokens_per_sec": 68695.48832514521, "learning_rate": 0.001, "lr_scheduler": "constant", "peak_allocated_gb": 19.337158679962158, "peak_reserved_gb": 19.90625, "effective_K_mean_after_causal": 40.263671875, "attention_pair_count_after_causal": 41230}
{"timestamp_utc": "2026-06-14T11:22:24.277751+00:00", "step": 10, "epoch": 0, "method": "zigzag_certified", "seed": 0, "elapsed_sec_total": 5.265921825543046, "seconds_since_prev_log": 4.7889181561768055, "N_train": 511, "N_eval": 511, "train_loss": 1.410723328590393, "train_token_accuracy": 0.250244140625, "train_sequence_accuracy": 0.0, "train_eos_accuracy": 0.0, "eval_loss": 1.412750768661499, "eval_token_accuracy": 0.24927978515625, "eval_sequence_accuracy": 0.0, "eval_eos_accuracy": 0.0, "tokens_per_sec": 62226.52193782009, "learning_rate": 0.001, "lr_scheduler": "constant", "peak_allocated_gb": 19.34604787826538, "peak_reserved_gb": 19.90625, "effective_K_mean_after_causal": 40.263671875, "attention_pair_count_after_causal": 41230}
{"timestamp_utc": "2026-06-14T11:22:29.543284+00:00", "step": 20, "epoch": 0, "method": "zigzag_certified", "seed": 0, "elapsed_sec_total": 10.528837718069553, "seconds_since_prev_log": 5.262915892526507, "N_train": 511, "N_eval": 511, "train_loss": 1.4049582481384277, "train_token_accuracy": 0.2452392578125, "train_sequence_accuracy": 0.0, "train_eos_accuracy": 0.0, "eval_loss": 1.4039325714111328, "eval_token_accuracy": 0.25052490234375, "eval_sequence_accuracy": 0.0, "eval_eos_accuracy": 0.0, "tokens_per_sec": 62244.28731343, "learning_rate": 0.001, "lr_scheduler": "constant", "peak_allocated_gb": 19.34604787826538, "peak_reserved_gb": 19.90625, "effective_K_mean_after_causal": 40.263671875, "attention_pair_count_after_causal": 41230}
{"timestamp_utc": "2026-06-14T11:22:34.813119+00:00", "step": 30, "epoch": 0, "method": "zigzag_certified", "seed": 0, "elapsed_sec_total": 15.799872370436788, "seconds_since_prev_log": 5.271034652367234, "N_train": 511, "N_eval": 511, "train_loss": 1.4019439220428467, "train_token_accuracy": 0.24920654296875, "train_sequence_accuracy": 0.0, "train_eos_accuracy": 0.0, "eval_loss": 1.4006086349487306, "eval_token_accuracy": 0.248828125, "eval_sequence_accuracy": 0.0, "eval_eos_accuracy": 0.0, "tokens_per_sec": 62218.2241066308, "learning_rate": 0.001, "lr_scheduler": "constant", "peak_allocated_gb": 19.34604787826538, "peak_reserved_gb": 19.90625, "effective_K_mean_after_causal": 40.263671875, "attention_pair_count_after_causal": 41230}
{"timestamp_utc": "2026-06-14T11:22:40.088301+00:00", "step": 40, "epoch": 0, "method": "zigzag_certified", "seed": 0, "elapsed_sec_total": 21.07356688939035, "seconds_since_prev_log": 5.273694518953562, "N_train": 511, "N_eval": 511, "train_loss": 1.4003326892852783, "train_token_accuracy": 0.255126953125, "train_sequence_accuracy": 0.0, "train_eos_accuracy": 0.0, "eval_loss": 1.3994885206222534, "eval_token_accuracy": 0.25133056640625, "eval_sequence_accuracy": 0.0, "eval_eos_accuracy": 0.0, "tokens_per_sec": 62197.349261263036, "learning_rate": 0.001, "lr_scheduler": "constant", "peak_allocated_gb": 19.34604787826538, "peak_reserved_gb": 19.90625, "effective_K_mean_after_causal": 40.263671875, "attention_pair_count_after_causal": 41230}
{"timestamp_utc": "2026-06-14T11:22:45.352317+00:00", "step": 50, "epoch": 0, "method": "zigzag_certified", "seed": 0, "elapsed_sec_total": 26.339310819283128, "seconds_since_prev_log": 5.265743929892778, "N_train": 511, "N_eval": 511, "train_loss": 1.3989914655685425, "train_token_accuracy": 0.25091552734375, "train_sequence_accuracy": 0.0, "train_eos_accuracy": 0.0, "eval_loss": 1.3991361856460571, "eval_token_accuracy": 0.24862060546875, "eval_sequence_accuracy": 0.0, "eval_eos_accuracy": 0.0, "tokens_per_sec": 62203.601728277565, "learning_rate": 0.001, "lr_scheduler": "constant", "peak_allocated_gb": 19.34604787826538, "peak_reserved_gb": 19.90625, "effective_K_mean_after_causal": 40.263671875, "attention_pair_count_after_causal": 41230}
{"timestamp_utc": "2026-06-14T11:22:50.621380+00:00", "step": 60, "epoch": 0, "method": "zigzag_certified", "seed": 0, "elapsed_sec_total": 31.608702588826418, "seconds_since_prev_log": 5.26939176954329, "N_train": 511, "N_eval": 511, "train_loss": 1.3988032341003418, "train_token_accuracy": 0.25042724609375, "train_sequence_accuracy": 0.0, "train_eos_accuracy": 0.0, "eval_loss": 1.398590350151062, "eval_token_accuracy": 0.2484130859375, "eval_sequence_accuracy": 0.0, "eval_eos_accuracy": 0.0, "tokens_per_sec": 62200.5915767958, "learning_rate": 0.001, "lr_scheduler": "constant", "peak_allocated_gb": 19.34604787826538, "peak_reserved_gb": 19.90625, "effective_K_mean_after_causal": 40.263671875, "attention_pair_count_after_causal": 41230}
{"timestamp_utc": "2026-06-14T11:22:55.890055+00:00", "step": 70, "epoch": 0, "method": "zigzag_certified", "seed": 0, "elapsed_sec_total": 36.87692838907242, "seconds_since_prev_log": 5.268225800246, "N_train": 511, "N_eval": 511, "train_loss": 1.3981997966766357, "train_token_accuracy": 0.2508544921875, "train_sequence_accuracy": 0.0, "train_eos_accuracy": 0.0, "eval_loss": 1.397880744934082, "eval_token_accuracy": 0.2497314453125, "eval_sequence_accuracy": 0.0, "eval_eos_accuracy": 0.0, "tokens_per_sec": 62200.40822813486, "learning_rate": 0.001, "lr_scheduler": "constant", "peak_allocated_gb": 19.34604787826538, "peak_reserved_gb": 19.90625, "effective_K_mean_after_causal": 40.263671875, "attention_pair_count_after_causal": 41230}
{"timestamp_utc": "2026-06-14T11:23:01.162596+00:00", "step": 80, "epoch": 0, "method": "zigzag_certified", "seed": 0, "elapsed_sec_total": 42.14802389964461, "seconds_since_prev_log": 5.271095510572195, "N_train": 511, "N_eval": 511, "train_loss": 1.3976995944976807, "train_token_accuracy": 0.2520751953125, "train_sequence_accuracy": 0.0, "train_eos_accuracy": 0.0, "eval_loss": 1.3973598957061768, "eval_token_accuracy": 0.24698486328125, "eval_sequence_accuracy": 0.0, "eval_eos_accuracy": 0.0, "tokens_per_sec": 62196.03572024414, "learning_rate": 0.001, "lr_scheduler": "constant", "peak_allocated_gb": 19.34604787826538, "peak_reserved_gb": 19.90625, "effective_K_mean_after_causal": 40.263671875, "attention_pair_count_after_causal": 41230}
{"timestamp_utc": "2026-06-14T11:23:06.438360+00:00", "step": 90, "epoch": 0, "method": "zigzag_certified", "seed": 0, "elapsed_sec_total": 47.42562142200768, "seconds_since_prev_log": 5.277597522363067, "N_train": 511, "N_eval": 511, "train_loss": 1.3965654373168945, "train_token_accuracy": 0.25360107421875, "train_sequence_accuracy": 0.0, "train_eos_accuracy": 0.0, "eval_loss": 1.3966571807861328, "eval_token_accuracy": 0.24886474609375, "eval_sequence_accuracy": 0.0, "eval_eos_accuracy": 0.0, "tokens_per_sec": 62184.1087491048, "learning_rate": 0.001, "lr_scheduler": "constant", "peak_allocated_gb": 19.34604787826538, "peak_reserved_gb": 19.90625, "effective_K_mean_after_causal": 40.263671875, "attention_pair_count_after_causal": 41230}
{"timestamp_utc": "2026-06-14T11:23:11.707949+00:00", "step": 100, "epoch": 0, "method": "zigzag_certified", "seed": 0, "elapsed_sec_total": 52.693213352933526, "seconds_since_prev_log": 5.267591930925846, "N_train": 511, "N_eval": 511, "train_loss": 1.3952577114105225, "train_token_accuracy": 0.24591064453125, "train_sequence_accuracy": 0.0, "train_eos_accuracy": 0.0, "eval_loss": 1.3942913293838501, "eval_token_accuracy": 0.24864501953125, "eval_sequence_accuracy": 0.0, "eval_eos_accuracy": 0.0, "tokens_per_sec": 62186.376413454665, "learning_rate": 0.001, "lr_scheduler": "constant", "peak_allocated_gb": 19.34604787826538, "peak_reserved_gb": 19.90625, "effective_K_mean_after_causal": 40.263671875, "attention_pair_count_after_causal": 41230}
{"timestamp_utc": "2026-06-14T11:23:16.976851+00:00", "step": 110, "epoch": 0, "method": "zigzag_certified", "seed": 0, "elapsed_sec_total": 57.96385224163532, "seconds_since_prev_log": 5.2706388887017965, "N_train": 511, "N_eval": 511, "train_loss": 1.3894717693328857, "train_token_accuracy": 0.2493896484375, "train_sequence_accuracy": 0.0, "train_eos_accuracy": 0.90625, "eval_loss": 1.3883889198303223, "eval_token_accuracy": 0.25264892578125, "eval_sequence_accuracy": 0.0, "eval_eos_accuracy": 1.0, "tokens_per_sec": 62184.96287951871, "learning_rate": 0.001, "lr_scheduler": "constant", "peak_allocated_gb": 19.34604787826538, "peak_reserved_gb": 19.90625, "effective_K_mean_after_causal": 40.263671875, "attention_pair_count_after_causal": 41230}
{"timestamp_utc": "2026-06-14T11:23:22.247223+00:00", "step": 120, "epoch": 0, "method": "zigzag_certified", "seed": 0, "elapsed_sec_total": 63.23247145488858, "seconds_since_prev_log": 5.26861921325326, "N_train": 511, "N_eval": 511, "train_loss": 1.3857883214950562, "train_token_accuracy": 0.249267578125, "train_sequence_accuracy": 0.0, "train_eos_accuracy": 1.0, "eval_loss": 1.3853806972503662, "eval_token_accuracy": 0.252783203125, "eval_sequence_accuracy": 0.0, "eval_eos_accuracy": 1.0, "tokens_per_sec": 62185.77116355935, "learning_rate": 0.001, "lr_scheduler": "constant", "peak_allocated_gb": 19.34604787826538, "peak_reserved_gb": 19.90625, "effective_K_mean_after_causal": 40.263671875, "attention_pair_count_after_causal": 41230}
{"timestamp_utc": "2026-06-14T11:23:27.516711+00:00", "step": 130, "epoch": 0, "method": "zigzag_certified", "seed": 0, "elapsed_sec_total": 68.50377735681832, "seconds_since_prev_log": 5.271305901929736, "N_train": 511, "N_eval": 511, "train_loss": 1.3862135410308838, "train_token_accuracy": 0.2491455078125, "train_sequence_accuracy": 0.0, "train_eos_accuracy": 1.0, "eval_loss": 1.3850096464157104, "eval_token_accuracy": 0.2508544921875, "eval_sequence_accuracy": 0.0, "eval_eos_accuracy": 1.0, "tokens_per_sec": 62184.01618660536, "learning_rate": 0.001, "lr_scheduler": "constant", "peak_allocated_gb": 19.34604787826538, "peak_reserved_gb": 19.90625, "effective_K_mean_after_causal": 40.263671875, "attention_pair_count_after_causal": 41230}
{"timestamp_utc": "2026-06-14T11:23:32.784016+00:00", "step": 140, "epoch": 0, "method": "zigzag_certified", "seed": 0, "elapsed_sec_total": 73.76950394175947, "seconds_since_prev_log": 5.265726584941149, "N_train": 511, "N_eval": 511, "train_loss": 1.385748028755188, "train_token_accuracy": 0.254150390625, "train_sequence_accuracy": 0.0, "train_eos_accuracy": 1.0, "eval_loss": 1.384955382347107, "eval_token_accuracy": 0.25059814453125, "eval_sequence_accuracy": 0.0, "eval_eos_accuracy": 1.0, "tokens_per_sec": 62187.21497194581, "learning_rate": 0.001, "lr_scheduler": "constant", "peak_allocated_gb": 19.34604787826538, "peak_reserved_gb": 19.90625, "effective_K_mean_after_causal": 40.263671875, "attention_pair_count_after_causal": 41230}
{"timestamp_utc": "2026-06-14T11:23:38.058958+00:00", "step": 150, "epoch": 0, "method": "zigzag_certified", "seed": 0, "elapsed_sec_total": 79.04419370926917, "seconds_since_prev_log": 5.274689767509699, "N_train": 511, "N_eval": 511, "train_loss": 1.385567545890808, "train_token_accuracy": 0.25286865234375, "train_sequence_accuracy": 0.0, "train_eos_accuracy": 1.0, "eval_loss": 1.3850862503051757, "eval_token_accuracy": 0.2506591796875, "eval_sequence_accuracy": 0.0, "eval_eos_accuracy": 1.0, "tokens_per_sec": 62182.93551172774, "learning_rate": 0.001, "lr_scheduler": "constant", "peak_allocated_gb": 19.34604787826538, "peak_reserved_gb": 19.90625, "effective_K_mean_after_causal": 40.263671875, "attention_pair_count_after_causal": 41230}
{"timestamp_utc": "2026-06-14T11:23:43.326254+00:00", "step": 160, "epoch": 0, "method": "zigzag_certified", "seed": 0, "elapsed_sec_total": 84.31247715093195, "seconds_since_prev_log": 5.268283441662788, "N_train": 511, "N_eval": 511, "train_loss": 1.3854809999465942, "train_token_accuracy": 0.24407958984375, "train_sequence_accuracy": 0.0, "train_eos_accuracy": 1.0, "eval_loss": 1.3845360279083252, "eval_token_accuracy": 0.25130615234375, "eval_sequence_accuracy": 0.0, "eval_eos_accuracy": 1.0, "tokens_per_sec": 62183.916036703085, "learning_rate": 0.001, "lr_scheduler": "constant", "peak_allocated_gb": 19.34604787826538, "peak_reserved_gb": 19.90625, "effective_K_mean_after_causal": 40.263671875, "attention_pair_count_after_causal": 41230}
{"timestamp_utc": "2026-06-14T11:23:48.600707+00:00", "step": 170, "epoch": 0, "method": "zigzag_certified", "seed": 0, "elapsed_sec_total": 89.58477312512696, "seconds_since_prev_log": 5.2722959741950035, "N_train": 511, "N_eval": 511, "train_loss": 1.3855046033859253, "train_token_accuracy": 0.25384521484375, "train_sequence_accuracy": 0.0, "train_eos_accuracy": 1.0, "eval_loss": 1.384561824798584, "eval_token_accuracy": 0.25257568359375, "eval_sequence_accuracy": 0.0, "eval_eos_accuracy": 1.0, "tokens_per_sec": 62181.99595392574, "learning_rate": 0.001, "lr_scheduler": "constant", "peak_allocated_gb": 19.34604787826538, "peak_reserved_gb": 19.90625, "effective_K_mean_after_causal": 40.263671875, "attention_pair_count_after_causal": 41230}
{"timestamp_utc": "2026-06-14T11:23:53.871206+00:00", "step": 180, "epoch": 0, "method": "zigzag_certified", "seed": 0, "elapsed_sec_total": 94.85584380105138, "seconds_since_prev_log": 5.27107067592442, "N_train": 511, "N_eval": 511, "train_loss": 1.3861939907073975, "train_token_accuracy": 0.2462158203125, "train_sequence_accuracy": 0.0, "train_eos_accuracy": 1.0, "eval_loss": 1.384615969657898, "eval_token_accuracy": 0.25341796875, "eval_sequence_accuracy": 0.0, "eval_eos_accuracy": 1.0, "tokens_per_sec": 62181.09252573666, "learning_rate": 0.001, "lr_scheduler": "constant", "peak_allocated_gb": 19.34604787826538, "peak_reserved_gb": 19.90625, "effective_K_mean_after_causal": 40.263671875, "attention_pair_count_after_causal": 41230}
{"timestamp_utc": "2026-06-14T11:23:59.146952+00:00", "step": 190, "epoch": 0, "method": "zigzag_certified", "seed": 0, "elapsed_sec_total": 100.1314264535904, "seconds_since_prev_log": 5.275582652539015, "N_train": 511, "N_eval": 511, "train_loss": 1.385463833808899, "train_token_accuracy": 0.2449951171875, "train_sequence_accuracy": 0.0, "train_eos_accuracy": 1.0, "eval_loss": 1.384402060508728, "eval_token_accuracy": 0.25469970703125, "eval_sequence_accuracy": 0.0, "eval_eos_accuracy": 1.0, "tokens_per_sec": 62177.482340028706, "learning_rate": 0.001, "lr_scheduler": "constant", "peak_allocated_gb": 19.34604787826538, "peak_reserved_gb": 19.90625, "effective_K_mean_after_causal": 40.263671875, "attention_pair_count_after_causal": 41230}
{"timestamp_utc": "2026-06-14T11:24:04.422057+00:00", "step": 200, "epoch": 0, "method": "zigzag_certified", "seed": 0, "elapsed_sec_total": 105.40686229616404, "seconds_since_prev_log": 5.275435842573643, "N_train": 511, "N_eval": 511, "train_loss": 1.3847346305847168, "train_token_accuracy": 0.25067138671875, "train_sequence_accuracy": 0.0, "train_eos_accuracy": 1.0, "eval_loss": 1.3844162464141845, "eval_token_accuracy": 0.249755859375, "eval_sequence_accuracy": 0.0, "eval_eos_accuracy": 1.0, "tokens_per_sec": 62174.32012714886, "learning_rate": 0.001, "lr_scheduler": "constant", "peak_allocated_gb": 19.34604787826538, "peak_reserved_gb": 19.90625, "effective_K_mean_after_causal": 40.263671875, "attention_pair_count_after_causal": 41230}
{
  "completed": "train_N511_seed0_zigzag_certified",
  "evals": [
    {
      "version": "v07",
      "run_id": "train_N511_seed0_zigzag_certified",
      "status": "ok",
      "failure_reason": "",
      "timestamp": "2026-06-14T11:24:05.778210+00:00",
      "timestamp_utc": "2026-06-14T11:24:05.778231+00:00",
      "host": "hhpc",
      "local_or_remote": "remote",
      "git_commit": "a143e01",
      "config_path": "configs/copy_v07_smoke_n1024_q32_B32_d8.json",
      "config_sha256": "9ee94905b9c24850979216dcaf3bf9efc70594d469833097bcda1f8888b244db",
      "command": "/home/huiwei/miniconda3/envs/ysx_base/bin/python scripts/run_experiment.py --config configs/copy_v07_smoke_n1024_q32_B32_d8.json --output-dir outputs/copy_v07_smoke_n1024_q32_B32_d8 --device cuda --local-or-remote remote --log-path logs/copy_v07_smoke_n1024_q32_B32_d8_20260614T112121Z.log",
      "output_dir": "outputs/copy_v07_smoke_n1024_q32_B32_d8/train_N511_seed0_zigzag_certified",
      "log_path": "logs/copy_v07_smoke_n1024_q32_B32_d8_20260614T112121Z.log",
      "CUDA_VISIBLE_DEVICES": "3",
      "gpu_name": "NVIDIA A100-SXM4-80GB",
      "torch_version": "2.10.0+cu128",
      "python_version": "3.10.0",
      "task": "copy",
      "data_mode": "online",
      "num_values": 4,
      "copy_mode": "full_copy",
      "sep_token": 5,
      "eos_token": 6,
      "pad_token": 0,
      "method": "zigzag_certified",
      "graph_id": "v07_B32_d8_s0_619e9b962fc61bfd",
      "graph_seed": 0,
      "graph_generation_algorithm": "zigzag_v07_fixed_N1024_q32_B32_d8",
      "canonical_graph_dir": "outputs/v07_graph_n1024_q32_B32_d8",
      "canonical_graph_artifact_path": "outputs/v07_graph_n1024_q32_B32_d8/selected_graph.json",
      "canonical_graph_artifact_sha256": "53ae37a6584833a1d20d51162a01a03d18bf7eeb9fd0efd2ebf3b8a482427a48",
      "canonical_graph_seed": 0,
      "canonical_graph_generation_algorithm": "zigzag_v07_fixed_N1024_q32_B32_d8",
      "graph_generation_status": "ok",
      "graph_generation_attempts": 1,
      "graph_artifact_path": "outputs/copy_v07_smoke_n1024_q32_B32_d8/train_N511_seed0_zigzag_certified/artifacts/graph/selected_graph.json",
      "graph_generation_path": "outputs/copy_v07_smoke_n1024_q32_B32_d8/train_N511_seed0_zigzag_certified/artifacts/graph/graph_generation.json",
      "graph_certificate_path": "outputs/copy_v07_smoke_n1024_q32_B32_d8/train_N511_seed0_zigzag_certified/artifacts/graph/graph_certificate.json",
      "graph_artifact_sha256": "53ae37a6584833a1d20d51162a01a03d18bf7eeb9fd0efd2ebf3b8a482427a48",
      "graph_artifact_sha256_matches_canonical": true,
      "graph_certificate_sha256": "6a3c14d21a5091152499b5d573aa16249b95187dda552eb75405cf3ff8580054",
      "rho_zigzag_bound": 0.9114789606824917,
      "rho_zigzag_certified": true,
      "rho_zigzag_exact": 0.46386654287979273,
      "rot_g_is_bijection": true,
      "P_G_row_stochastic_error": 0.0,
      "P_G_col_stochastic_error": 0.0,
      "P_H_row_stochastic_error": 0.0,
      "P_H_col_stochastic_error": 0.0,
      "collision_count_mean": 16.40625,
      "artifact_dir": "outputs/copy_v07_smoke_n1024_q32_B32_d8/train_N511_seed0_zigzag_certified",
      "graph_generation_sha256": "fa60d27bda5cadf30aa727a1aaf7133c1e804ebe4779c6230591e913c436b6dc",
      "attention_backend": "split",
      "N_total": 1024,
      "copy_source_length": 511,
      "N_train": 511,
      "N_eval": 511,
      "T_raw": 1024,
      "T": 1024,
      "B": 32,
      "d": 8,
      "G_type": "permutation_regular",
      "H_type": "permutation_regular",
      "causal": true,
      "multiplicity_mode": "unique_log_m",
      "seed": 0,
      "architecture": "transformer",
      "layers": 8,
      "d_model": 128,
      "heads": 4,
      "ffn_dim": 256,
      "dropout": 0.1,
      "optimizer": "adamw",
      "learning_rate": 0.001,
      "base_learning_rate": 0.001,
      "lr_scheduler": "constant",
      "warmup_ratio": 0.0,
      "warmup_steps": 0,
      "min_lr_ratio": 0.0,
      "min_learning_rate": 0.0,
      "cosine_total_steps": 200,
      "weight_decay": 0.0,
      "grad_clip_norm": 0.0,
      "log_every": 10,
      "eval_every": 10,
      "checkpoint_every": 0,
      "steps": 200,
      "batch_size": 32,
      "eval_batch_size": 32,
      "eval_batches": 5,
      "raw_K": 96,
      "unique_K_mean": 40.263671875,
      "effective_K_mean_after_causal": 40.263671875,
      "effective_K_min_after_causal": 1,
      "effective_K_max_after_causal": 80,
      "pre_causal_unique_K_mean": 79.59375,
      "pre_causal_pair_count": 81504,
      "duplicate_rate": 0.5805867513020834,
      "self_loop_rate": 1.0,
      "attention_pair_count_after_causal": 41230,
      "zigzag_actual_k_min_after_causal": 1,
      "zigzag_actual_k_mean_after_causal": 40.263671875,
      "zigzag_actual_k_max_after_causal": 80,
      "zigzag_attention_pair_count_after_causal": 41230,
      "random_target_k_source": "zigzag_actual_post_causal",
      "random_actual_k_min_after_causal": 1,
      "random_actual_k_mean_after_causal": 40.263671875,
      "random_actual_k_max_after_causal": 80,
      "random_attention_pair_count_after_causal": 41230,
      "random_k_alignment_error_mean": 0.0,
      "random_k_alignment_error_max": 0,
      "random_alignment_mode": "per_query",
      "random_k_aligned_to_zigzag": true,
      "lambda_G": 0.0625,
      "mu_H": 0.6436248213046418,
      "rho_bound": 0.9114789606824917,
      "rho_exact": 0.46386654287979273,
      "certified": true,
      "graph_certified": true,
      "implementation_certified": true,
      "theory_aligned_method": true,
      "remote_local_overlap_mean": 0.0,
      "target_in_1hop_rate": 0.044921875,
      "target_in_2hop_rate": 0.64453125,
      "target_in_Lhop_rate": 0.998046875,
      "average_shortest_path": 2.309197651663405,
      "unreachable_rate": 0.001953125,
      "final_train_loss": 1.3847346305847168,
      "eval_loss": 1.3843499183654786,
      "eval_token_accuracy": 0.2535888671875,
      "eval_sequence_accuracy": 0.0,
      "eval_eos_accuracy": 1.0,
      "training_curves_path": "outputs/copy_v07_smoke_n1024_q32_B32_d8/train_N511_seed0_zigzag_certified/training_curves.png",
      "tokens_per_sec": 61875.35186580636,
      "elapsed_sec": 105.9161653611809,
      "total_wall_time_sec": 105.9161653611809,
      "train_wall_time_sec": 105.9161653611809,
      "eval_wall_time_sec": 0.0,
      "data_prep_wall_time_sec": 0.0,
      "peak_allocated_gb": 19.34604787826538,
      "peak_reserved_gb": 19.90625,
      "metrics_path": "outputs/copy_v07_smoke_n1024_q32_B32_d8/train_N511_seed0_zigzag_certified/metrics.jsonl",
      "summary_path": "outputs/copy_v07_smoke_n1024_q32_B32_d8/train_N511_seed0_zigzag_certified/summary.json",
      "raw_config_snapshot_path": "outputs/copy_v07_smoke_n1024_q32_B32_d8/train_N511_seed0_zigzag_certified/raw_config_snapshot.json",
      "resolved_config_snapshot_path": "outputs/copy_v07_smoke_n1024_q32_B32_d8/train_N511_seed0_zigzag_certified/resolved_config_snapshot.json",
      "neighbor_shape": [
        1024,
        59
      ],
      "block_pair_shape": null
    }
  ]
}
{"timestamp_utc": "2026-06-14T11:24:07.462450+00:00", "step": 1, "epoch": 0, "method": "random_regular", "seed": 0, "elapsed_sec_total": 0.4773517120629549, "seconds_since_prev_log": 0.4773517120629549, "N_train": 511, "N_eval": 511, "train_loss": 2.0851047039031982, "train_token_accuracy": 0.14532470703125, "train_sequence_accuracy": 0.0, "train_eos_accuracy": 0.1875, "eval_loss": 1.598569965362549, "eval_token_accuracy": 0.2507080078125, "eval_sequence_accuracy": 0.0, "eval_eos_accuracy": 0.0, "tokens_per_sec": 68645.40164397364, "learning_rate": 0.001, "lr_scheduler": "constant", "peak_allocated_gb": 19.337158679962158, "peak_reserved_gb": 19.90625, "effective_K_mean_after_causal": 40.263671875, "attention_pair_count_after_causal": 41230}
{"timestamp_utc": "2026-06-14T11:24:12.272512+00:00", "step": 10, "epoch": 0, "method": "random_regular", "seed": 0, "elapsed_sec_total": 5.284369621425867, "seconds_since_prev_log": 4.807017909362912, "N_train": 511, "N_eval": 511, "train_loss": 1.4110618829727173, "train_token_accuracy": 0.2493896484375, "train_sequence_accuracy": 0.0, "train_eos_accuracy": 0.0, "eval_loss": 1.4128309488296509, "eval_token_accuracy": 0.2489501953125, "eval_sequence_accuracy": 0.0, "eval_eos_accuracy": 0.0, "tokens_per_sec": 62009.288425131585, "learning_rate": 0.001, "lr_scheduler": "constant", "peak_allocated_gb": 19.34604787826538, "peak_reserved_gb": 19.90625, "effective_K_mean_after_causal": 40.263671875, "attention_pair_count_after_causal": 41230}
{"timestamp_utc": "2026-06-14T11:24:17.545018+00:00", "step": 20, "epoch": 0, "method": "random_regular", "seed": 0, "elapsed_sec_total": 10.559402845799923, "seconds_since_prev_log": 5.275033224374056, "N_train": 511, "N_eval": 511, "train_loss": 1.4049969911575317, "train_token_accuracy": 0.24566650390625, "train_sequence_accuracy": 0.0, "train_eos_accuracy": 0.0, "eval_loss": 1.403847074508667, "eval_token_accuracy": 0.25133056640625, "eval_sequence_accuracy": 0.0, "eval_eos_accuracy": 0.0, "tokens_per_sec": 62064.11570524313, "learning_rate": 0.001, "lr_scheduler": "constant", "peak_allocated_gb": 19.34604787826538, "peak_reserved_gb": 19.90625, "effective_K_mean_after_causal": 40.263671875, "attention_pair_count_after_causal": 41230}
{"timestamp_utc": "2026-06-14T11:24:22.822194+00:00", "step": 30, "epoch": 0, "method": "random_regular", "seed": 0, "elapsed_sec_total": 15.83511863835156, "seconds_since_prev_log": 5.275715792551637, "N_train": 511, "N_eval": 511, "train_loss": 1.4020097255706787, "train_token_accuracy": 0.2498779296875, "train_sequence_accuracy": 0.0, "train_eos_accuracy": 0.0, "eval_loss": 1.400586485862732, "eval_token_accuracy": 0.24920654296875, "eval_sequence_accuracy": 0.0, "eval_eos_accuracy": 0.0, "tokens_per_sec": 62079.736972677, "learning_rate": 0.001, "lr_scheduler": "constant", "peak_allocated_gb": 19.34604787826538, "peak_reserved_gb": 19.90625, "effective_K_mean_after_causal": 40.263671875, "attention_pair_count_after_causal": 41230}
{"timestamp_utc": "2026-06-14T11:24:28.100083+00:00", "step": 40, "epoch": 0, "method": "random_regular", "seed": 0, "elapsed_sec_total": 21.11412569321692, "seconds_since_prev_log": 5.27900705486536, "N_train": 511, "N_eval": 511, "train_loss": 1.4003676176071167, "train_token_accuracy": 0.254638671875, "train_sequence_accuracy": 0.0, "train_eos_accuracy": 0.0, "eval_loss": 1.3994894981384278, "eval_token_accuracy": 0.2502197265625, "eval_sequence_accuracy": 0.0, "eval_eos_accuracy": 0.0, "tokens_per_sec": 62077.87237058455, "learning_rate": 0.001, "lr_scheduler": "constant", "peak_allocated_gb": 19.34604787826538, "peak_reserved_gb": 19.90625, "effective_K_mean_after_causal": 40.263671875, "attention_pair_count_after_causal": 41230}
{"timestamp_utc": "2026-06-14T11:24:33.381137+00:00", "step": 50, "epoch": 0, "method": "random_regular", "seed": 0, "elapsed_sec_total": 26.390674745664, "seconds_since_prev_log": 5.276549052447081, "N_train": 511, "N_eval": 511, "train_loss": 1.3990540504455566, "train_token_accuracy": 0.2489013671875, "train_sequence_accuracy": 0.0, "train_eos_accuracy": 0.0, "eval_loss": 1.399181056022644, "eval_token_accuracy": 0.2493896484375, "eval_sequence_accuracy": 0.0, "eval_eos_accuracy": 0.0, "tokens_per_sec": 62082.53543305822, "learning_rate": 0.001, "lr_scheduler": "constant", "peak_allocated_gb": 19.34604787826538, "peak_reserved_gb": 19.90625, "effective_K_mean_after_causal": 40.263671875, "attention_pair_count_after_causal": 41230}
{"timestamp_utc": "2026-06-14T11:24:38.652192+00:00", "step": 60, "epoch": 0, "method": "random_regular", "seed": 0, "elapsed_sec_total": 31.664245205000043, "seconds_since_prev_log": 5.273570459336042, "N_train": 511, "N_eval": 511, "train_loss": 1.3988425731658936, "train_token_accuracy": 0.24932861328125, "train_sequence_accuracy": 0.0, "train_eos_accuracy": 0.0, "eval_loss": 1.3986689090728759, "eval_token_accuracy": 0.24794921875, "eval_sequence_accuracy": 0.0, "eval_eos_accuracy": 0.0, "tokens_per_sec": 62091.48480474563, "learning_rate": 0.001, "lr_scheduler": "constant", "peak_allocated_gb": 19.34604787826538, "peak_reserved_gb": 19.90625, "effective_K_mean_after_causal": 40.263671875, "attention_pair_count_after_causal": 41230}
{"timestamp_utc": "2026-06-14T11:24:43.929867+00:00", "step": 70, "epoch": 0, "method": "random_regular", "seed": 0, "elapsed_sec_total": 36.941441759467125, "seconds_since_prev_log": 5.277196554467082, "N_train": 511, "N_eval": 511, "train_loss": 1.3983893394470215, "train_token_accuracy": 0.25115966796875, "train_sequence_accuracy": 0.0, "train_eos_accuracy": 0.0, "eval_loss": 1.3979631900787353, "eval_token_accuracy": 0.25087890625, "eval_sequence_accuracy": 0.0, "eval_eos_accuracy": 0.0, "tokens_per_sec": 62091.78339424636, "learning_rate": 0.001, "lr_scheduler": "constant", "peak_allocated_gb": 19.34604787826538, "peak_reserved_gb": 19.90625, "effective_K_mean_after_causal": 40.263671875, "attention_pair_count_after_causal": 41230}
{"timestamp_utc": "2026-06-14T11:24:49.201592+00:00", "step": 80, "epoch": 0, "method": "random_regular", "seed": 0, "elapsed_sec_total": 42.215123526751995, "seconds_since_prev_log": 5.27368176728487, "N_train": 511, "N_eval": 511, "train_loss": 1.3978561162948608, "train_token_accuracy": 0.250244140625, "train_sequence_accuracy": 0.0, "train_eos_accuracy": 0.0, "eval_loss": 1.3975462675094605, "eval_token_accuracy": 0.2474365234375, "eval_sequence_accuracy": 0.0, "eval_eos_accuracy": 0.0, "tokens_per_sec": 62097.177054066335, "learning_rate": 0.001, "lr_scheduler": "constant", "peak_allocated_gb": 19.34604787826538, "peak_reserved_gb": 19.90625, "effective_K_mean_after_causal": 40.263671875, "attention_pair_count_after_causal": 41230}
{"timestamp_utc": "2026-06-14T11:24:54.476874+00:00", "step": 90, "epoch": 0, "method": "random_regular", "seed": 0, "elapsed_sec_total": 47.49021744169295, "seconds_since_prev_log": 5.275093914940953, "N_train": 511, "N_eval": 511, "train_loss": 1.3968942165374756, "train_token_accuracy": 0.25408935546875, "train_sequence_accuracy": 0.0, "train_eos_accuracy": 0.0, "eval_loss": 1.3969866275787353, "eval_token_accuracy": 0.24927978515625, "eval_sequence_accuracy": 0.0, "eval_eos_accuracy": 0.0, "tokens_per_sec": 62099.52615232475, "learning_rate": 0.001, "lr_scheduler": "constant", "peak_allocated_gb": 19.34604787826538, "peak_reserved_gb": 19.90625, "effective_K_mean_after_causal": 40.263671875, "attention_pair_count_after_causal": 41230}
{"timestamp_utc": "2026-06-14T11:24:59.755822+00:00", "step": 100, "epoch": 0, "method": "random_regular", "seed": 0, "elapsed_sec_total": 52.76829308643937, "seconds_since_prev_log": 5.278075644746423, "N_train": 511, "N_eval": 511, "train_loss": 1.3958609104156494, "train_token_accuracy": 0.246337890625, "train_sequence_accuracy": 0.0, "train_eos_accuracy": 0.0, "eval_loss": 1.3951138257980347, "eval_token_accuracy": 0.2491943359375, "eval_sequence_accuracy": 0.0, "eval_eos_accuracy": 0.0, "tokens_per_sec": 62097.89645142201, "learning_rate": 0.001, "lr_scheduler": "constant", "peak_allocated_gb": 19.34604787826538, "peak_reserved_gb": 19.90625, "effective_K_mean_after_causal": 40.263671875, "attention_pair_count_after_causal": 41230}
{"timestamp_utc": "2026-06-14T11:25:05.037879+00:00", "step": 110, "epoch": 0, "method": "random_regular", "seed": 0, "elapsed_sec_total": 58.050864819437265, "seconds_since_prev_log": 5.282571732997894, "N_train": 511, "N_eval": 511, "train_loss": 1.3908987045288086, "train_token_accuracy": 0.24847412109375, "train_sequence_accuracy": 0.0, "train_eos_accuracy": 0.09375, "eval_loss": 1.3898099899291991, "eval_token_accuracy": 0.25047607421875, "eval_sequence_accuracy": 0.0, "eval_eos_accuracy": 0.28125, "tokens_per_sec": 62091.753692411934, "learning_rate": 0.001, "lr_scheduler": "constant", "peak_allocated_gb": 19.34604787826538, "peak_reserved_gb": 19.90625, "effective_K_mean_after_causal": 40.263671875, "attention_pair_count_after_causal": 41230}
{"timestamp_utc": "2026-06-14T11:25:10.317799+00:00", "step": 120, "epoch": 0, "method": "random_regular", "seed": 0, "elapsed_sec_total": 63.32878209464252, "seconds_since_prev_log": 5.2779172752052546, "N_train": 511, "N_eval": 511, "train_loss": 1.3860626220703125, "train_token_accuracy": 0.25067138671875, "train_sequence_accuracy": 0.0, "train_eos_accuracy": 1.0, "eval_loss": 1.3855175971984863, "eval_token_accuracy": 0.2516357421875, "eval_sequence_accuracy": 0.0, "eval_eos_accuracy": 1.0, "tokens_per_sec": 62091.198818943536, "learning_rate": 0.001, "lr_scheduler": "constant", "peak_allocated_gb": 19.34604787826538, "peak_reserved_gb": 19.90625, "effective_K_mean_after_causal": 40.263671875, "attention_pair_count_after_causal": 41230}
{"timestamp_utc": "2026-06-14T11:25:15.596356+00:00", "step": 130, "epoch": 0, "method": "random_regular", "seed": 0, "elapsed_sec_total": 68.60782574862242, "seconds_since_prev_log": 5.2790436539798975, "N_train": 511, "N_eval": 511, "train_loss": 1.3860924243927002, "train_token_accuracy": 0.24676513671875, "train_sequence_accuracy": 0.0, "train_eos_accuracy": 1.0, "eval_loss": 1.3850743055343628, "eval_token_accuracy": 0.25159912109375, "eval_sequence_accuracy": 0.0, "eval_eos_accuracy": 1.0, "tokens_per_sec": 62089.709934956416, "learning_rate": 0.001, "lr_scheduler": "constant", "peak_allocated_gb": 19.34604787826538, "peak_reserved_gb": 19.90625, "effective_K_mean_after_causal": 40.263671875, "attention_pair_count_after_causal": 41230}
{"timestamp_utc": "2026-06-14T11:25:20.874013+00:00", "step": 140, "epoch": 0, "method": "random_regular", "seed": 0, "elapsed_sec_total": 73.88669692352414, "seconds_since_prev_log": 5.278871174901724, "N_train": 511, "N_eval": 511, "train_loss": 1.385767936706543, "train_token_accuracy": 0.25262451171875, "train_sequence_accuracy": 0.0, "train_eos_accuracy": 1.0, "eval_loss": 1.384967303276062, "eval_token_accuracy": 0.25029296875, "eval_sequence_accuracy": 0.0, "eval_eos_accuracy": 1.0, "tokens_per_sec": 62088.57874304866, "learning_rate": 0.001, "lr_scheduler": "constant", "peak_allocated_gb": 19.34604787826538, "peak_reserved_gb": 19.90625, "effective_K_mean_after_causal": 40.263671875, "attention_pair_count_after_causal": 41230}
{"timestamp_utc": "2026-06-14T11:25:26.155901+00:00", "step": 150, "epoch": 0, "method": "random_regular", "seed": 0, "elapsed_sec_total": 79.16624364815652, "seconds_since_prev_log": 5.279546724632382, "N_train": 511, "N_eval": 511, "train_loss": 1.3855541944503784, "train_token_accuracy": 0.2513427734375, "train_sequence_accuracy": 0.0, "train_eos_accuracy": 1.0, "eval_loss": 1.3851292371749877, "eval_token_accuracy": 0.251220703125, "eval_sequence_accuracy": 0.0, "eval_eos_accuracy": 1.0, "tokens_per_sec": 62087.06859763272, "learning_rate": 0.001, "lr_scheduler": "constant", "peak_allocated_gb": 19.34604787826538, "peak_reserved_gb": 19.90625, "effective_K_mean_after_causal": 40.263671875, "attention_pair_count_after_causal": 41230}
{"timestamp_utc": "2026-06-14T11:25:31.430401+00:00", "step": 160, "epoch": 0, "method": "random_regular", "seed": 0, "elapsed_sec_total": 84.44346745871007, "seconds_since_prev_log": 5.277223810553551, "N_train": 511, "N_eval": 511, "train_loss": 1.3854776620864868, "train_token_accuracy": 0.2445068359375, "train_sequence_accuracy": 0.0, "train_eos_accuracy": 1.0, "eval_loss": 1.3845827341079713, "eval_token_accuracy": 0.2513427734375, "eval_sequence_accuracy": 0.0, "eval_eos_accuracy": 1.0, "tokens_per_sec": 62087.455167133994, "learning_rate": 0.001, "lr_scheduler": "constant", "peak_allocated_gb": 19.34604787826538, "peak_reserved_gb": 19.90625, "effective_K_mean_after_causal": 40.263671875, "attention_pair_count_after_causal": 41230}
{"timestamp_utc": "2026-06-14T11:25:36.708806+00:00", "step": 170, "epoch": 0, "method": "random_regular", "seed": 0, "elapsed_sec_total": 89.72144100815058, "seconds_since_prev_log": 5.277973549440503, "N_train": 511, "N_eval": 511, "train_loss": 1.3856028318405151, "train_token_accuracy": 0.25445556640625, "train_sequence_accuracy": 0.0, "train_eos_accuracy": 1.0, "eval_loss": 1.3846008777618408, "eval_token_accuracy": 0.25240478515625, "eval_sequence_accuracy": 0.0, "eval_eos_accuracy": 1.0, "tokens_per_sec": 62087.27743788637, "learning_rate": 0.001, "lr_scheduler": "constant", "peak_allocated_gb": 19.34604787826538, "peak_reserved_gb": 19.90625, "effective_K_mean_after_causal": 40.263671875, "attention_pair_count_after_causal": 41230}
{"timestamp_utc": "2026-06-14T11:25:41.987128+00:00", "step": 180, "epoch": 0, "method": "random_regular", "seed": 0, "elapsed_sec_total": 95.0014211051166, "seconds_since_prev_log": 5.279980096966028, "N_train": 511, "N_eval": 511, "train_loss": 1.3862082958221436, "train_token_accuracy": 0.247314453125, "train_sequence_accuracy": 0.0, "train_eos_accuracy": 1.0, "eval_loss": 1.3846967220306396, "eval_token_accuracy": 0.25274658203125, "eval_sequence_accuracy": 0.0, "eval_eos_accuracy": 1.0, "tokens_per_sec": 62085.80810042568, "learning_rate": 0.001, "lr_scheduler": "constant", "peak_allocated_gb": 19.34604787826538, "peak_reserved_gb": 19.90625, "effective_K_mean_after_causal": 40.263671875, "attention_pair_count_after_causal": 41230}
{"timestamp_utc": "2026-06-14T11:25:47.268351+00:00", "step": 190, "epoch": 0, "method": "random_regular", "seed": 0, "elapsed_sec_total": 100.28047485649586, "seconds_since_prev_log": 5.2790537513792515, "N_train": 511, "N_eval": 511, "train_loss": 1.3854613304138184, "train_token_accuracy": 0.24530029296875, "train_sequence_accuracy": 0.0, "train_eos_accuracy": 1.0, "eval_loss": 1.3844450473785401, "eval_token_accuracy": 0.25252685546875, "eval_sequence_accuracy": 0.0, "eval_eos_accuracy": 1.0, "tokens_per_sec": 62085.06699743359, "learning_rate": 0.001, "lr_scheduler": "constant", "peak_allocated_gb": 19.34604787826538, "peak_reserved_gb": 19.90625, "effective_K_mean_after_causal": 40.263671875, "attention_pair_count_after_causal": 41230}
{"timestamp_utc": "2026-06-14T11:25:52.546395+00:00", "step": 200, "epoch": 0, "method": "random_regular", "seed": 0, "elapsed_sec_total": 105.55775724165142, "seconds_since_prev_log": 5.277282385155559, "N_train": 511, "N_eval": 511, "train_loss": 1.3848735094070435, "train_token_accuracy": 0.2496337890625, "train_sequence_accuracy": 0.0, "train_eos_accuracy": 1.0, "eval_loss": 1.3844513416290283, "eval_token_accuracy": 0.24962158203125, "eval_sequence_accuracy": 0.0, "eval_eos_accuracy": 1.0, "tokens_per_sec": 62085.44185906646, "learning_rate": 0.001, "lr_scheduler": "constant", "peak_allocated_gb": 19.34604787826538, "peak_reserved_gb": 19.90625, "effective_K_mean_after_causal": 40.263671875, "attention_pair_count_after_causal": 41230}
{
  "completed": "train_N511_seed0_random_regular",
  "evals": [
    {
      "version": "v07",
      "run_id": "train_N511_seed0_random_regular",
      "status": "ok",
      "failure_reason": "",
      "timestamp": "2026-06-14T11:25:53.707066+00:00",
      "timestamp_utc": "2026-06-14T11:25:53.707086+00:00",
      "host": "hhpc",
      "local_or_remote": "remote",
      "git_commit": "a143e01",
      "config_path": "configs/copy_v07_smoke_n1024_q32_B32_d8.json",
      "config_sha256": "9ee94905b9c24850979216dcaf3bf9efc70594d469833097bcda1f8888b244db",
      "command": "/home/huiwei/miniconda3/envs/ysx_base/bin/python scripts/run_experiment.py --config configs/copy_v07_smoke_n1024_q32_B32_d8.json --output-dir outputs/copy_v07_smoke_n1024_q32_B32_d8 --device cuda --local-or-remote remote --log-path logs/copy_v07_smoke_n1024_q32_B32_d8_20260614T112121Z.log",
      "output_dir": "outputs/copy_v07_smoke_n1024_q32_B32_d8/train_N511_seed0_random_regular",
      "log_path": "logs/copy_v07_smoke_n1024_q32_B32_d8_20260614T112121Z.log",
      "CUDA_VISIBLE_DEVICES": "3",
      "gpu_name": "NVIDIA A100-SXM4-80GB",
      "torch_version": "2.10.0+cu128",
      "python_version": "3.10.0",
      "task": "copy",
      "data_mode": "online",
      "num_values": 4,
      "copy_mode": "full_copy",
      "sep_token": 5,
      "eos_token": 6,
      "pad_token": 0,
      "method": "random_regular",
      "graph_id": "v07_B32_d8_s0_619e9b962fc61bfd",
      "graph_seed": 0,
      "graph_generation_algorithm": "zigzag_v07_fixed_N1024_q32_B32_d8",
      "canonical_graph_dir": "outputs/v07_graph_n1024_q32_B32_d8",
      "canonical_graph_artifact_path": "outputs/v07_graph_n1024_q32_B32_d8/selected_graph.json",
      "canonical_graph_artifact_sha256": "53ae37a6584833a1d20d51162a01a03d18bf7eeb9fd0efd2ebf3b8a482427a48",
      "canonical_graph_seed": 0,
      "canonical_graph_generation_algorithm": "zigzag_v07_fixed_N1024_q32_B32_d8",
      "graph_generation_status": "ok",
      "graph_generation_attempts": 1,
      "graph_artifact_path": "outputs/copy_v07_smoke_n1024_q32_B32_d8/train_N511_seed0_random_regular/artifacts/graph/selected_graph.json",
      "graph_generation_path": "outputs/copy_v07_smoke_n1024_q32_B32_d8/train_N511_seed0_random_regular/artifacts/graph/graph_generation.json",
      "graph_certificate_path": "outputs/copy_v07_smoke_n1024_q32_B32_d8/train_N511_seed0_random_regular/artifacts/graph/graph_certificate.json",
      "graph_artifact_sha256": "53ae37a6584833a1d20d51162a01a03d18bf7eeb9fd0efd2ebf3b8a482427a48",
      "graph_artifact_sha256_matches_canonical": true,
      "graph_certificate_sha256": "6a3c14d21a5091152499b5d573aa16249b95187dda552eb75405cf3ff8580054",
      "rho_zigzag_bound": 0.9114789606824917,
      "rho_zigzag_certified": true,
      "rho_zigzag_exact": 0.46386654287979273,
      "rot_g_is_bijection": true,
      "P_G_row_stochastic_error": 0.0,
      "P_G_col_stochastic_error": 0.0,
      "P_H_row_stochastic_error": 0.0,
      "P_H_col_stochastic_error": 0.0,
      "collision_count_mean": 16.40625,
      "artifact_dir": "outputs/copy_v07_smoke_n1024_q32_B32_d8/train_N511_seed0_random_regular",
      "graph_generation_sha256": "3758ea148292089887d698039e5d94ea7d96164045f82b2138e20cdece267e0c",
      "attention_backend": "split",
      "N_total": 1024,
      "copy_source_length": 511,
      "N_train": 511,
      "N_eval": 511,
      "T_raw": 1024,
      "T": 1024,
      "B": 32,
      "d": 8,
      "G_type": "permutation_regular",
      "H_type": "permutation_regular",
      "causal": true,
      "multiplicity_mode": "unique_log_m",
      "seed": 0,
      "architecture": "transformer",
      "layers": 8,
      "d_model": 128,
      "heads": 4,
      "ffn_dim": 256,
      "dropout": 0.1,
      "optimizer": "adamw",
      "learning_rate": 0.001,
      "base_learning_rate": 0.001,
      "lr_scheduler": "constant",
      "warmup_ratio": 0.0,
      "warmup_steps": 0,
      "min_lr_ratio": 0.0,
      "min_learning_rate": 0.0,
      "cosine_total_steps": 200,
      "weight_decay": 0.0,
      "grad_clip_norm": 0.0,
      "log_every": 10,
      "eval_every": 10,
      "checkpoint_every": 0,
      "steps": 200,
      "batch_size": 32,
      "eval_batch_size": 32,
      "eval_batches": 5,
      "raw_K": 96,
      "unique_K_mean": 40.263671875,
      "effective_K_mean_after_causal": 40.263671875,
      "effective_K_min_after_causal": 1,
      "effective_K_max_after_causal": 80,
      "pre_causal_unique_K_mean": 55.763671875,
      "pre_causal_pair_count": 57102,
      "duplicate_rate": 0.5805867513020834,
      "self_loop_rate": 1.0,
      "attention_pair_count_after_causal": 41230,
      "zigzag_actual_k_min_after_causal": 1,
      "zigzag_actual_k_mean_after_causal": 40.263671875,
      "zigzag_actual_k_max_after_causal": 80,
      "zigzag_attention_pair_count_after_causal": 41230,
      "random_target_k_source": "zigzag_actual_post_causal",
      "random_actual_k_min_after_causal": 1,
      "random_actual_k_mean_after_causal": 40.263671875,
      "random_actual_k_max_after_causal": 80,
      "random_attention_pair_count_after_causal": 41230,
      "random_k_alignment_error_mean": 0.0,
      "random_k_alignment_error_max": 0,
      "random_alignment_mode": "per_query",
      "random_k_aligned_to_zigzag": true,
      "lambda_G": 0.0625,
      "mu_H": 0.6436248213046418,
      "rho_bound": 0.9114789606824917,
      "rho_exact": 0.46386654287979273,
      "certified": false,
      "graph_certified": "",
      "implementation_certified": false,
      "theory_aligned_method": false,
      "remote_local_overlap_mean": 0.0,
      "target_in_1hop_rate": 0.052734375,
      "target_in_2hop_rate": 0.990234375,
      "target_in_Lhop_rate": 0.998046875,
      "average_shortest_path": 1.9549902152641878,
      "unreachable_rate": 0.001953125,
      "final_train_loss": 1.3848735094070435,
      "eval_loss": 1.3843971252441407,
      "eval_token_accuracy": 0.25216064453125,
      "eval_sequence_accuracy": 0.0,
      "eval_eos_accuracy": 1.0,
      "training_curves_path": "outputs/copy_v07_smoke_n1024_q32_B32_d8/train_N511_seed0_random_regular/training_curves.png",
      "tokens_per_sec": 61786.53751753813,
      "elapsed_sec": 106.06841333582997,
      "total_wall_time_sec": 106.06841333582997,
      "train_wall_time_sec": 106.06841333582997,
      "eval_wall_time_sec": 0.0,
      "data_prep_wall_time_sec": 0.0,
      "peak_allocated_gb": 19.34604787826538,
      "peak_reserved_gb": 19.90625,
      "metrics_path": "outputs/copy_v07_smoke_n1024_q32_B32_d8/train_N511_seed0_random_regular/metrics.jsonl",
      "summary_path": "outputs/copy_v07_smoke_n1024_q32_B32_d8/train_N511_seed0_random_regular/summary.json",
      "raw_config_snapshot_path": "outputs/copy_v07_smoke_n1024_q32_B32_d8/train_N511_seed0_random_regular/raw_config_snapshot.json",
      "resolved_config_snapshot_path": "outputs/copy_v07_smoke_n1024_q32_B32_d8/train_N511_seed0_random_regular/resolved_config_snapshot.json",
      "neighbor_shape": [
        1024,
        59
      ],
      "block_pair_shape": null
    }
  ]
}
