experiment=v08_dense_copy_1epoch
trial=dcopy_1ep_L_lr1em4
git_commit=f146357
host=hhpc
started_at=2026-06-18T12:24:32+08:00
gpu_id=2
2, NVIDIA A100-SXM4-80GB, 0 %, 10 MiB, 81920 MiB
command=CUDA_VISIBLE_DEVICES=2 python scripts/run_probe_experiment.py --config configs/probes_v08_dense_copy_1epoch/dcopy_1ep_L_lr1em4.json --task copy --method dense --seed 0
runtime_conda_env=ysx_base
runtime_python=/home/huiwei/miniconda3/envs/ysx_base/bin/python
Python 3.10.0
runtime_executable=/home/huiwei/miniconda3/envs/ysx_base/bin/python
runtime_torch=2.10.0+cu128
runtime_torch_file=/home/huiwei/miniconda3/envs/ysx_base/lib/python3.10/site-packages/torch/__init__.py
Traceback (most recent call last):
  File "/home/huiwei/ysx/zigzag_attention/scripts/run_probe_experiment.py", line 1030, in <module>
    main()
  File "/home/huiwei/ysx/zigzag_attention/scripts/run_probe_experiment.py", line 1016, in main
    run_one(config, manifest, task, method, int(seed), device)
  File "/home/huiwei/ysx/zigzag_attention/scripts/run_probe_experiment.py", line 845, in run_one
    loss, _batch_metrics, _per_sample = forward_loss_and_metrics(model, artifacts, batch, task_record)
  File "/home/huiwei/ysx/zigzag_attention/scripts/run_probe_experiment.py", line 199, in forward_loss_and_metrics
    token_logits, class_logits = model(
  File "/home/huiwei/miniconda3/envs/ysx_base/lib/python3.10/site-packages/torch/nn/modules/module.py", line 1776, in _wrapped_call_impl
    return self._call_impl(*args, **kwargs)
  File "/home/huiwei/miniconda3/envs/ysx_base/lib/python3.10/site-packages/torch/nn/modules/module.py", line 1787, in _call_impl
    return forward_call(*args, **kwargs)
  File "/home/huiwei/ysx/zigzag_attention/scripts/probe_tasks.py", line 310, in forward
    h = block(
  File "/home/huiwei/miniconda3/envs/ysx_base/lib/python3.10/site-packages/torch/nn/modules/module.py", line 1776, in _wrapped_call_impl
    return self._call_impl(*args, **kwargs)
  File "/home/huiwei/miniconda3/envs/ysx_base/lib/python3.10/site-packages/torch/nn/modules/module.py", line 1787, in _call_impl
    return forward_call(*args, **kwargs)
  File "/home/huiwei/ysx/zigzag_attention/scripts/synthetic_mvp_core/model.py", line 134, in forward
    x = x + self.attn(
  File "/home/huiwei/miniconda3/envs/ysx_base/lib/python3.10/site-packages/torch/nn/modules/module.py", line 1776, in _wrapped_call_impl
    return self._call_impl(*args, **kwargs)
  File "/home/huiwei/miniconda3/envs/ysx_base/lib/python3.10/site-packages/torch/nn/modules/module.py", line 1787, in _call_impl
    return forward_call(*args, **kwargs)
  File "/home/huiwei/ysx/zigzag_attention/scripts/synthetic_mvp_core/model.py", line 47, in forward
    scores = torch.matmul(q, k.transpose(-1, -2)) * (self.head_dim ** -0.5)
torch.OutOfMemoryError: CUDA out of memory. Tried to allocate 18.00 GiB. GPU 0 has a total capacity of 79.25 GiB of which 4.33 GiB is free. Including non-PyTorch memory, this process has 74.90 GiB memory in use. Of the allocated memory 61.61 GiB is allocated by PyTorch, and 12.81 GiB is reserved by PyTorch but unallocated. If reserved but unallocated memory is large try setting PYTORCH_ALLOC_CONF=expandable_segments:True to avoid fragmentation.  See documentation for Memory Management  (https://pytorch.org/docs/stable/notes/cuda.html#environment-variables)
finished_at=2026-06-18T12:24:46+08:00 status=1
