{"mask_tests": "ok", "cases": 8}
{"step": 1, "method": "dense", "seed": 0, "N_train": 128, "N_eval": 128, "train_loss": 2.1042022705078125, "train_token_accuracy": 0.1472868174314499, "train_sequence_accuracy": 0.0, "train_eos_accuracy": 0.0, "eval_loss": 1.9499372839927673, "eval_token_accuracy": 0.20736434108527133, "eval_sequence_accuracy": 0.0, "eval_eos_accuracy": 0.0, "tokens_per_sec": 31948.12379009095}
{"step": 10, "method": "dense", "seed": 0, "N_train": 128, "N_eval": 128, "train_loss": 1.5541269779205322, "train_token_accuracy": 0.25968992710113525, "train_sequence_accuracy": 0.0, "train_eos_accuracy": 0.0, "eval_loss": 1.523702085018158, "eval_token_accuracy": 0.2606589147286822, "eval_sequence_accuracy": 0.0, "eval_eos_accuracy": 0.0, "tokens_per_sec": 56409.677110819524}
{"step": 20, "method": "dense", "seed": 0, "N_train": 128, "N_eval": 128, "train_loss": 1.440080165863037, "train_token_accuracy": 0.2538759708404541, "train_sequence_accuracy": 0.0, "train_eos_accuracy": 0.0, "eval_loss": 1.445184350013733, "eval_token_accuracy": 0.2742248062015504, "eval_sequence_accuracy": 0.0, "eval_eos_accuracy": 0.0, "tokens_per_sec": 60213.53523984574}
{
  "completed": "train_N128_seed0_dense",
  "evals": [
    {
      "run_id": "train_N128_seed0_dense",
      "timestamp": "2026-06-12T05:14:03.662872+00:00",
      "host": "sxyedeMacBook-Air.local",
      "local_or_remote": "local",
      "git_commit": "75330e074f67e3f181dc3e4cab2d941eb54dbf2d",
      "config_path": "configs/copy_v05_smoke.json",
      "config_sha256": "2590d5af79852064249503c451cd818aff222d1bb3b53ac06660a9b7f2ea95de",
      "command": "/Users/sxye/miniconda3/bin/python scripts/synthetic_mvp.py --config configs/copy_v05_smoke.json --output-dir outputs/copy_v05_smoke_local",
      "output_dir": "outputs/copy_v05_smoke_local/train_N128_seed0_dense",
      "log_path": "",
      "CUDA_VISIBLE_DEVICES": "",
      "gpu_name": null,
      "torch_version": "2.12.0",
      "task": "copy",
      "data_mode": "online",
      "num_values": 4,
      "copy_mode": "full_copy",
      "sep_token": 5,
      "eos_token": 6,
      "pad_token": 0,
      "method": "dense",
      "attention_backend": "dense_mask",
      "N_train": 128,
      "N_eval": 128,
      "T_raw": 258,
      "T": 272,
      "B": 16,
      "d": 2,
      "G_type": "cyclic",
      "H_type": "cycle",
      "causal": true,
      "seed": 0,
      "architecture": "transformer",
      "layers": 2,
      "d_model": 64,
      "heads": 4,
      "ffn_dim": 128,
      "dropout": 0.1,
      "optimizer": "adamw",
      "learning_rate": 0.001,
      "log_every": 10,
      "steps": 20,
      "batch_size": 4,
      "eval_batches": 2,
      "raw_K": 272,
      "effective_K_mean_after_causal": 136.5,
      "effective_K_min_after_causal": 1,
      "effective_K_max_after_causal": 272,
      "duplicate_rate": 0.49816176470588236,
      "self_loop_rate": 1.0,
      "attention_pair_count_after_causal": 37128,
      "final_train_loss": 1.440080165863037,
      "eval_loss": 1.441692292690277,
      "eval_token_accuracy": 0.2713178294573643,
      "eval_sequence_accuracy": 0.0,
      "eval_eos_accuracy": 0.0,
      "training_curves_path": "outputs/copy_v05_smoke_local/train_N128_seed0_dense/training_curves.png",
      "tokens_per_sec": 58663.57712442617,
      "elapsed_sec": 0.3709286249941215,
      "peak_allocated_gb": 0.0,
      "peak_reserved_gb": 0.0,
      "artifact_dir": "outputs/copy_v05_smoke_local/train_N128_seed0_dense",
      "metrics_path": "outputs/copy_v05_smoke_local/train_N128_seed0_dense/metrics.jsonl",
      "neighbor_shape": null,
      "block_pair_shape": null,
      "status": "ok",
      "failure_reason": ""
    }
  ]
}
{"step": 1, "method": "local", "seed": 0, "N_train": 128, "N_eval": 128, "train_loss": 2.096529960632324, "train_token_accuracy": 0.14534883201122284, "train_sequence_accuracy": 0.0, "train_eos_accuracy": 0.0, "eval_loss": 1.9405498504638672, "eval_token_accuracy": 0.2063953488372093, "eval_sequence_accuracy": 0.0, "eval_eos_accuracy": 0.125, "tokens_per_sec": 109009.39597922149}
{"step": 10, "method": "local", "seed": 0, "N_train": 128, "N_eval": 128, "train_loss": 1.5502041578292847, "train_token_accuracy": 0.25, "train_sequence_accuracy": 0.0, "train_eos_accuracy": 0.0, "eval_loss": 1.5233983397483826, "eval_token_accuracy": 0.2625968992248062, "eval_sequence_accuracy": 0.0, "eval_eos_accuracy": 0.0, "tokens_per_sec": 110998.88794080655}
{"step": 20, "method": "local", "seed": 0, "N_train": 128, "N_eval": 128, "train_loss": 1.4323389530181885, "train_token_accuracy": 0.25193798542022705, "train_sequence_accuracy": 0.0, "train_eos_accuracy": 0.0, "eval_loss": 1.4392898678779602, "eval_token_accuracy": 0.2742248062015504, "eval_sequence_accuracy": 0.0, "eval_eos_accuracy": 0.0, "tokens_per_sec": 112212.61970965819}
{
  "completed": "train_N128_seed0_local",
  "evals": [
    {
      "run_id": "train_N128_seed0_local",
      "timestamp": "2026-06-12T05:14:04.006533+00:00",
      "host": "sxyedeMacBook-Air.local",
      "local_or_remote": "local",
      "git_commit": "75330e074f67e3f181dc3e4cab2d941eb54dbf2d",
      "config_path": "configs/copy_v05_smoke.json",
      "config_sha256": "2590d5af79852064249503c451cd818aff222d1bb3b53ac06660a9b7f2ea95de",
      "command": "/Users/sxye/miniconda3/bin/python scripts/synthetic_mvp.py --config configs/copy_v05_smoke.json --output-dir outputs/copy_v05_smoke_local",
      "output_dir": "outputs/copy_v05_smoke_local/train_N128_seed0_local",
      "log_path": "",
      "CUDA_VISIBLE_DEVICES": "",
      "gpu_name": null,
      "torch_version": "2.12.0",
      "task": "copy",
      "data_mode": "online",
      "num_values": 4,
      "copy_mode": "full_copy",
      "sep_token": 5,
      "eos_token": 6,
      "pad_token": 0,
      "method": "local",
      "attention_backend": "split",
      "N_train": 128,
      "N_eval": 128,
      "T_raw": 258,
      "T": 272,
      "B": 16,
      "d": 2,
      "G_type": "cyclic",
      "H_type": "cycle",
      "causal": true,
      "seed": 0,
      "architecture": "transformer",
      "layers": 2,
      "d_model": 64,
      "heads": 4,
      "ffn_dim": 128,
      "dropout": 0.1,
      "optimizer": "adamw",
      "learning_rate": 0.001,
      "log_every": 10,
      "steps": 20,
      "batch_size": 4,
      "eval_batches": 2,
      "raw_K": 16,
      "effective_K_mean_after_causal": 8.5,
      "effective_K_min_after_causal": 1,
      "effective_K_max_after_causal": 16,
      "duplicate_rate": 0.46875,
      "self_loop_rate": 1.0,
      "attention_pair_count_after_causal": 2312,
      "final_train_loss": 1.4323389530181885,
      "eval_loss": 1.4342567920684814,
      "eval_token_accuracy": 0.26744186046511625,
      "eval_sequence_accuracy": 0.0,
      "eval_eos_accuracy": 0.0,
      "training_curves_path": "outputs/copy_v05_smoke_local/train_N128_seed0_local/training_curves.png",
      "tokens_per_sec": 109165.34034541479,
      "elapsed_sec": 0.1993306660442613,
      "peak_allocated_gb": 0.0,
      "peak_reserved_gb": 0.0,
      "artifact_dir": "outputs/copy_v05_smoke_local/train_N128_seed0_local",
      "metrics_path": "outputs/copy_v05_smoke_local/train_N128_seed0_local/metrics.jsonl",
      "neighbor_shape": [
        272,
        0
      ],
      "block_pair_shape": null,
      "status": "ok",
      "failure_reason": ""
    }
  ]
}
{"step": 1, "method": "random", "seed": 0, "N_train": 128, "N_eval": 128, "train_loss": 2.0896613597869873, "train_token_accuracy": 0.1472868174314499, "train_sequence_accuracy": 0.0, "train_eos_accuracy": 0.0, "eval_loss": 1.9438138008117676, "eval_token_accuracy": 0.20445736434108527, "eval_sequence_accuracy": 0.0, "eval_eos_accuracy": 0.0, "tokens_per_sec": 83510.03068414207}
{"step": 10, "method": "random", "seed": 0, "N_train": 128, "N_eval": 128, "train_loss": 1.5509570837020874, "train_token_accuracy": 0.25193798542022705, "train_sequence_accuracy": 0.0, "train_eos_accuracy": 0.0, "eval_loss": 1.5270133018493652, "eval_token_accuracy": 0.2693798449612403, "eval_sequence_accuracy": 0.0, "eval_eos_accuracy": 0.0, "tokens_per_sec": 83121.38078483428}
{"step": 20, "method": "random", "seed": 0, "N_train": 128, "N_eval": 128, "train_loss": 1.4388936758041382, "train_token_accuracy": 0.23062016069889069, "train_sequence_accuracy": 0.0, "train_eos_accuracy": 0.0, "eval_loss": 1.4461501836776733, "eval_token_accuracy": 0.27325581395348836, "eval_sequence_accuracy": 0.0, "eval_eos_accuracy": 0.0, "tokens_per_sec": 82792.16830422051}
{
  "completed": "train_N128_seed0_random",
  "evals": [
    {
      "run_id": "train_N128_seed0_random",
      "timestamp": "2026-06-12T05:14:04.396126+00:00",
      "host": "sxyedeMacBook-Air.local",
      "local_or_remote": "local",
      "git_commit": "75330e074f67e3f181dc3e4cab2d941eb54dbf2d",
      "config_path": "configs/copy_v05_smoke.json",
      "config_sha256": "2590d5af79852064249503c451cd818aff222d1bb3b53ac06660a9b7f2ea95de",
      "command": "/Users/sxye/miniconda3/bin/python scripts/synthetic_mvp.py --config configs/copy_v05_smoke.json --output-dir outputs/copy_v05_smoke_local",
      "output_dir": "outputs/copy_v05_smoke_local/train_N128_seed0_random",
      "log_path": "",
      "CUDA_VISIBLE_DEVICES": "",
      "gpu_name": null,
      "torch_version": "2.12.0",
      "task": "copy",
      "data_mode": "online",
      "num_values": 4,
      "copy_mode": "full_copy",
      "sep_token": 5,
      "eos_token": 6,
      "pad_token": 0,
      "method": "random",
      "attention_backend": "split",
      "N_train": 128,
      "N_eval": 128,
      "T_raw": 258,
      "T": 272,
      "B": 16,
      "d": 2,
      "G_type": "cyclic",
      "H_type": "cycle",
      "causal": true,
      "seed": 0,
      "architecture": "transformer",
      "layers": 2,
      "d_model": 64,
      "heads": 4,
      "ffn_dim": 128,
      "dropout": 0.1,
      "optimizer": "adamw",
      "learning_rate": 0.001,
      "log_every": 10,
      "steps": 20,
      "batch_size": 4,
      "eval_batches": 2,
      "raw_K": 20,
      "effective_K_mean_after_causal": 10.459558486938477,
      "effective_K_min_after_causal": 1,
      "effective_K_max_after_causal": 20,
      "duplicate_rate": 0.4770220756530762,
      "self_loop_rate": 1.0,
      "attention_pair_count_after_causal": 2845,
      "final_train_loss": 1.4388936758041382,
      "eval_loss": 1.441756010055542,
      "eval_token_accuracy": 0.2703488372093023,
      "eval_sequence_accuracy": 0.0,
      "eval_eos_accuracy": 0.0,
      "training_curves_path": "outputs/copy_v05_smoke_local/train_N128_seed0_random/training_curves.png",
      "tokens_per_sec": 80431.75379489108,
      "elapsed_sec": 0.27053991705179214,
      "peak_allocated_gb": 0.0,
      "peak_reserved_gb": 0.0,
      "artifact_dir": "outputs/copy_v05_smoke_local/train_N128_seed0_random",
      "metrics_path": "outputs/copy_v05_smoke_local/train_N128_seed0_random/metrics.jsonl",
      "neighbor_shape": [
        272,
        4
      ],
      "block_pair_shape": null,
      "status": "ok",
      "failure_reason": ""
    }
  ]
}
{"step": 1, "method": "zigzag", "seed": 0, "N_train": 128, "N_eval": 128, "train_loss": 2.0913984775543213, "train_token_accuracy": 0.1434108465909958, "train_sequence_accuracy": 0.0, "train_eos_accuracy": 0.0, "eval_loss": 1.9415713548660278, "eval_token_accuracy": 0.21124031007751937, "eval_sequence_accuracy": 0.0, "eval_eos_accuracy": 0.0, "tokens_per_sec": 85628.27105419856}
{"step": 10, "method": "zigzag", "seed": 0, "N_train": 128, "N_eval": 128, "train_loss": 1.5520979166030884, "train_token_accuracy": 0.25968992710113525, "train_sequence_accuracy": 0.0, "train_eos_accuracy": 0.0, "eval_loss": 1.5252318382263184, "eval_token_accuracy": 0.2625968992248062, "eval_sequence_accuracy": 0.0, "eval_eos_accuracy": 0.0, "tokens_per_sec": 84411.72808835567}
{"step": 20, "method": "zigzag", "seed": 0, "N_train": 128, "N_eval": 128, "train_loss": 1.4394408464431763, "train_token_accuracy": 0.2461240291595459, "train_sequence_accuracy": 0.0, "train_eos_accuracy": 0.0, "eval_loss": 1.4459033608436584, "eval_token_accuracy": 0.2751937984496124, "eval_sequence_accuracy": 0.0, "eval_eos_accuracy": 0.0, "tokens_per_sec": 84487.25969900428}
{
  "completed": "train_N128_seed0_zigzag",
  "evals": [
    {
      "run_id": "train_N128_seed0_zigzag",
      "timestamp": "2026-06-12T05:14:04.782748+00:00",
      "host": "sxyedeMacBook-Air.local",
      "local_or_remote": "local",
      "git_commit": "75330e074f67e3f181dc3e4cab2d941eb54dbf2d",
      "config_path": "configs/copy_v05_smoke.json",
      "config_sha256": "2590d5af79852064249503c451cd818aff222d1bb3b53ac06660a9b7f2ea95de",
      "command": "/Users/sxye/miniconda3/bin/python scripts/synthetic_mvp.py --config configs/copy_v05_smoke.json --output-dir outputs/copy_v05_smoke_local",
      "output_dir": "outputs/copy_v05_smoke_local/train_N128_seed0_zigzag",
      "log_path": "",
      "CUDA_VISIBLE_DEVICES": "",
      "gpu_name": null,
      "torch_version": "2.12.0",
      "task": "copy",
      "data_mode": "online",
      "num_values": 4,
      "copy_mode": "full_copy",
      "sep_token": 5,
      "eos_token": 6,
      "pad_token": 0,
      "method": "zigzag",
      "attention_backend": "split",
      "N_train": 128,
      "N_eval": 128,
      "T_raw": 258,
      "T": 272,
      "B": 16,
      "d": 2,
      "G_type": "cyclic",
      "H_type": "cycle",
      "causal": true,
      "seed": 0,
      "architecture": "transformer",
      "layers": 2,
      "d_model": 64,
      "heads": 4,
      "ffn_dim": 128,
      "dropout": 0.1,
      "optimizer": "adamw",
      "learning_rate": 0.001,
      "log_every": 10,
      "steps": 20,
      "batch_size": 4,
      "eval_batches": 2,
      "raw_K": 20,
      "effective_K_mean_after_causal": 10.5,
      "effective_K_min_after_causal": 1,
      "effective_K_max_after_causal": 20,
      "duplicate_rate": 0.475,
      "self_loop_rate": 1.0,
      "attention_pair_count_after_causal": 2856,
      "final_train_loss": 1.4394408464431763,
      "eval_loss": 1.4420893788337708,
      "eval_token_accuracy": 0.26841085271317827,
      "eval_sequence_accuracy": 0.0,
      "eval_eos_accuracy": 0.0,
      "training_curves_path": "outputs/copy_v05_smoke_local/train_N128_seed0_zigzag/training_curves.png",
      "tokens_per_sec": 82022.59580110449,
      "elapsed_sec": 0.265292749973014,
      "peak_allocated_gb": 0.0,
      "peak_reserved_gb": 0.0,
      "artifact_dir": "outputs/copy_v05_smoke_local/train_N128_seed0_zigzag",
      "metrics_path": "outputs/copy_v05_smoke_local/train_N128_seed0_zigzag/metrics.jsonl",
      "neighbor_shape": [
        272,
        4
      ],
      "block_pair_shape": null,
      "status": "ok",
      "failure_reason": ""
    }
  ]
}
