{"mask_tests": "ok", "cases": 8}
{"step": 1, "method": "dense", "seed": 0, "N_train": 128, "N_eval": 128, "train_loss": 2.101743221282959, "train_token_accuracy": 0.1666666716337204, "train_sequence_accuracy": 0.0, "train_eos_accuracy": 0.0, "eval_loss": 1.9248583316802979, "eval_token_accuracy": 0.2054263565891473, "eval_sequence_accuracy": 0.0, "eval_eos_accuracy": 0.0, "tokens_per_sec": 3426.334027408042}
{"step": 2, "method": "dense", "seed": 0, "N_train": 128, "N_eval": 128, "train_loss": 2.0344395637512207, "train_token_accuracy": 0.1472868174314499, "train_sequence_accuracy": 0.0, "train_eos_accuracy": 0.0, "eval_loss": 1.8435418605804443, "eval_token_accuracy": 0.23255813953488372, "eval_sequence_accuracy": 0.0, "eval_eos_accuracy": 0.0, "tokens_per_sec": 6475.01967402464}
{
  "completed": "train_N128_seed0_dense",
  "evals": [
    {
      "run_id": "train_N128_seed0_dense",
      "timestamp": "2026-06-12T06:15:03.876150+00:00",
      "host": "hhpc",
      "local_or_remote": "remote",
      "git_commit": "75330e074f67e3f181dc3e4cab2d941eb54dbf2d",
      "config_path": "configs/copy_v05_smoke.json",
      "config_sha256": "2590d5af79852064249503c451cd818aff222d1bb3b53ac06660a9b7f2ea95de",
      "command": "/home/huiwei/miniconda3/envs/ysx_base/bin/python scripts/synthetic_mvp.py --config configs/copy_v05_smoke.json --methods dense,local,random,zigzag --steps 2 --batch-size 2 --eval-batches 1 --output-dir outputs/copy_v05_phase1_smoke",
      "output_dir": "outputs/copy_v05_phase1_smoke/train_N128_seed0_dense",
      "log_path": "",
      "CUDA_VISIBLE_DEVICES": "1",
      "gpu_name": "NVIDIA A100-SXM4-80GB",
      "torch_version": "2.10.0+cu128",
      "task": "copy",
      "data_mode": "online",
      "num_values": 4,
      "copy_mode": "full_copy",
      "sep_token": 5,
      "eos_token": 6,
      "pad_token": 0,
      "method": "dense",
      "attention_backend": "dense_mask",
      "N_train": 128,
      "N_eval": 128,
      "T_raw": 258,
      "T": 272,
      "B": 16,
      "d": 2,
      "G_type": "cyclic",
      "H_type": "cycle",
      "causal": true,
      "seed": 0,
      "architecture": "transformer",
      "layers": 2,
      "d_model": 64,
      "heads": 4,
      "ffn_dim": 128,
      "dropout": 0.1,
      "optimizer": "adamw",
      "learning_rate": 0.001,
      "log_every": 10,
      "steps": 2,
      "batch_size": 2,
      "eval_batches": 1,
      "raw_K": 272,
      "effective_K_mean_after_causal": 136.5,
      "effective_K_min_after_causal": 1,
      "effective_K_max_after_causal": 272,
      "duplicate_rate": 0.49816176470588236,
      "self_loop_rate": 1.0,
      "attention_pair_count_after_causal": 37128,
      "final_train_loss": 2.0344395637512207,
      "eval_loss": 1.88245689868927,
      "eval_token_accuracy": 0.22868217054263565,
      "eval_sequence_accuracy": 0.0,
      "eval_eos_accuracy": 0.0,
      "training_curves_path": "outputs/copy_v05_phase1_smoke/train_N128_seed0_dense/training_curves.png",
      "tokens_per_sec": 6393.98650093638,
      "elapsed_sec": 0.17015988379716873,
      "peak_allocated_gb": 0.034932613372802734,
      "peak_reserved_gb": 0.046875,
      "artifact_dir": "outputs/copy_v05_phase1_smoke/train_N128_seed0_dense",
      "metrics_path": "outputs/copy_v05_phase1_smoke/train_N128_seed0_dense/metrics.jsonl",
      "neighbor_shape": null,
      "block_pair_shape": null,
      "status": "ok",
      "failure_reason": ""
    }
  ]
}
{"step": 1, "method": "local", "seed": 0, "N_train": 128, "N_eval": 128, "train_loss": 2.090291738510132, "train_token_accuracy": 0.1744185984134674, "train_sequence_accuracy": 0.0, "train_eos_accuracy": 0.0, "eval_loss": 1.9094759225845337, "eval_token_accuracy": 0.21705426356589147, "eval_sequence_accuracy": 0.0, "eval_eos_accuracy": 0.0, "tokens_per_sec": 48179.17526112649}
{"step": 2, "method": "local", "seed": 0, "N_train": 128, "N_eval": 128, "train_loss": 2.0325114727020264, "train_token_accuracy": 0.13953489065170288, "train_sequence_accuracy": 0.0, "train_eos_accuracy": 0.5, "eval_loss": 1.8318923711776733, "eval_token_accuracy": 0.2364341085271318, "eval_sequence_accuracy": 0.0, "eval_eos_accuracy": 0.0, "tokens_per_sec": 46403.73497269236}
{
  "completed": "train_N128_seed0_local",
  "evals": [
    {
      "run_id": "train_N128_seed0_local",
      "timestamp": "2026-06-12T06:15:04.510398+00:00",
      "host": "hhpc",
      "local_or_remote": "remote",
      "git_commit": "75330e074f67e3f181dc3e4cab2d941eb54dbf2d",
      "config_path": "configs/copy_v05_smoke.json",
      "config_sha256": "2590d5af79852064249503c451cd818aff222d1bb3b53ac06660a9b7f2ea95de",
      "command": "/home/huiwei/miniconda3/envs/ysx_base/bin/python scripts/synthetic_mvp.py --config configs/copy_v05_smoke.json --methods dense,local,random,zigzag --steps 2 --batch-size 2 --eval-batches 1 --output-dir outputs/copy_v05_phase1_smoke",
      "output_dir": "outputs/copy_v05_phase1_smoke/train_N128_seed0_local",
      "log_path": "",
      "CUDA_VISIBLE_DEVICES": "1",
      "gpu_name": "NVIDIA A100-SXM4-80GB",
      "torch_version": "2.10.0+cu128",
      "task": "copy",
      "data_mode": "online",
      "num_values": 4,
      "copy_mode": "full_copy",
      "sep_token": 5,
      "eos_token": 6,
      "pad_token": 0,
      "method": "local",
      "attention_backend": "split",
      "N_train": 128,
      "N_eval": 128,
      "T_raw": 258,
      "T": 272,
      "B": 16,
      "d": 2,
      "G_type": "cyclic",
      "H_type": "cycle",
      "causal": true,
      "seed": 0,
      "architecture": "transformer",
      "layers": 2,
      "d_model": 64,
      "heads": 4,
      "ffn_dim": 128,
      "dropout": 0.1,
      "optimizer": "adamw",
      "learning_rate": 0.001,
      "log_every": 10,
      "steps": 2,
      "batch_size": 2,
      "eval_batches": 1,
      "raw_K": 16,
      "effective_K_mean_after_causal": 8.5,
      "effective_K_min_after_causal": 1,
      "effective_K_max_after_causal": 16,
      "duplicate_rate": 0.46875,
      "self_loop_rate": 1.0,
      "attention_pair_count_after_causal": 2312,
      "final_train_loss": 2.0325114727020264,
      "eval_loss": 1.8754332065582275,
      "eval_token_accuracy": 0.20930232558139536,
      "eval_sequence_accuracy": 0.0,
      "eval_eos_accuracy": 0.0,
      "training_curves_path": "outputs/copy_v05_phase1_smoke/train_N128_seed0_local/training_curves.png",
      "tokens_per_sec": 39688.374194940625,
      "elapsed_sec": 0.027413569390773773,
      "peak_allocated_gb": 0.02235269546508789,
      "peak_reserved_gb": 0.046875,
      "artifact_dir": "outputs/copy_v05_phase1_smoke/train_N128_seed0_local",
      "metrics_path": "outputs/copy_v05_phase1_smoke/train_N128_seed0_local/metrics.jsonl",
      "neighbor_shape": [
        272,
        0
      ],
      "block_pair_shape": null,
      "status": "ok",
      "failure_reason": ""
    }
  ]
}
{"step": 1, "method": "random", "seed": 0, "N_train": 128, "N_eval": 128, "train_loss": 2.0953023433685303, "train_token_accuracy": 0.1744185984134674, "train_sequence_accuracy": 0.0, "train_eos_accuracy": 0.0, "eval_loss": 1.9149566888809204, "eval_token_accuracy": 0.22093023255813954, "eval_sequence_accuracy": 0.0, "eval_eos_accuracy": 0.0, "tokens_per_sec": 32383.337559114232}
{"step": 2, "method": "random", "seed": 0, "N_train": 128, "N_eval": 128, "train_loss": 2.0310475826263428, "train_token_accuracy": 0.13953489065170288, "train_sequence_accuracy": 0.0, "train_eos_accuracy": 0.0, "eval_loss": 1.8363351821899414, "eval_token_accuracy": 0.22868217054263565, "eval_sequence_accuracy": 0.0, "eval_eos_accuracy": 0.0, "tokens_per_sec": 28442.831370541306}
{
  "completed": "train_N128_seed0_random",
  "evals": [
    {
      "run_id": "train_N128_seed0_random",
      "timestamp": "2026-06-12T06:15:05.220456+00:00",
      "host": "hhpc",
      "local_or_remote": "remote",
      "git_commit": "75330e074f67e3f181dc3e4cab2d941eb54dbf2d",
      "config_path": "configs/copy_v05_smoke.json",
      "config_sha256": "2590d5af79852064249503c451cd818aff222d1bb3b53ac06660a9b7f2ea95de",
      "command": "/home/huiwei/miniconda3/envs/ysx_base/bin/python scripts/synthetic_mvp.py --config configs/copy_v05_smoke.json --methods dense,local,random,zigzag --steps 2 --batch-size 2 --eval-batches 1 --output-dir outputs/copy_v05_phase1_smoke",
      "output_dir": "outputs/copy_v05_phase1_smoke/train_N128_seed0_random",
      "log_path": "",
      "CUDA_VISIBLE_DEVICES": "1",
      "gpu_name": "NVIDIA A100-SXM4-80GB",
      "torch_version": "2.10.0+cu128",
      "task": "copy",
      "data_mode": "online",
      "num_values": 4,
      "copy_mode": "full_copy",
      "sep_token": 5,
      "eos_token": 6,
      "pad_token": 0,
      "method": "random",
      "attention_backend": "split",
      "N_train": 128,
      "N_eval": 128,
      "T_raw": 258,
      "T": 272,
      "B": 16,
      "d": 2,
      "G_type": "cyclic",
      "H_type": "cycle",
      "causal": true,
      "seed": 0,
      "architecture": "transformer",
      "layers": 2,
      "d_model": 64,
      "heads": 4,
      "ffn_dim": 128,
      "dropout": 0.1,
      "optimizer": "adamw",
      "learning_rate": 0.001,
      "log_every": 10,
      "steps": 2,
      "batch_size": 2,
      "eval_batches": 1,
      "raw_K": 20,
      "effective_K_mean_after_causal": 10.459558486938477,
      "effective_K_min_after_causal": 1,
      "effective_K_max_after_causal": 20,
      "duplicate_rate": 0.4770220756530762,
      "self_loop_rate": 1.0,
      "attention_pair_count_after_causal": 2845,
      "final_train_loss": 2.0310475826263428,
      "eval_loss": 1.8771295547485352,
      "eval_token_accuracy": 0.21705426356589147,
      "eval_sequence_accuracy": 0.0,
      "eval_eos_accuracy": 0.0,
      "training_curves_path": "outputs/copy_v05_phase1_smoke/train_N128_seed0_random/training_curves.png",
      "tokens_per_sec": 26495.44945654703,
      "elapsed_sec": 0.04106365516781807,
      "peak_allocated_gb": 0.025364398956298828,
      "peak_reserved_gb": 0.05078125,
      "artifact_dir": "outputs/copy_v05_phase1_smoke/train_N128_seed0_random",
      "metrics_path": "outputs/copy_v05_phase1_smoke/train_N128_seed0_random/metrics.jsonl",
      "neighbor_shape": [
        272,
        4
      ],
      "block_pair_shape": null,
      "status": "ok",
      "failure_reason": ""
    }
  ]
}
{"step": 1, "method": "zigzag", "seed": 0, "N_train": 128, "N_eval": 128, "train_loss": 2.0933802127838135, "train_token_accuracy": 0.1782945692539215, "train_sequence_accuracy": 0.0, "train_eos_accuracy": 0.0, "eval_loss": 1.912085771560669, "eval_token_accuracy": 0.2248062015503876, "eval_sequence_accuracy": 0.0, "eval_eos_accuracy": 0.0, "tokens_per_sec": 31649.447260507408}
{"step": 2, "method": "zigzag", "seed": 0, "N_train": 128, "N_eval": 128, "train_loss": 2.0321044921875, "train_token_accuracy": 0.12790697813034058, "train_sequence_accuracy": 0.0, "train_eos_accuracy": 0.0, "eval_loss": 1.8332329988479614, "eval_token_accuracy": 0.2364341085271318, "eval_sequence_accuracy": 0.0, "eval_eos_accuracy": 0.0, "tokens_per_sec": 32127.977836960767}
{
  "completed": "train_N128_seed0_zigzag",
  "evals": [
    {
      "run_id": "train_N128_seed0_zigzag",
      "timestamp": "2026-06-12T06:15:05.896481+00:00",
      "host": "hhpc",
      "local_or_remote": "remote",
      "git_commit": "75330e074f67e3f181dc3e4cab2d941eb54dbf2d",
      "config_path": "configs/copy_v05_smoke.json",
      "config_sha256": "2590d5af79852064249503c451cd818aff222d1bb3b53ac06660a9b7f2ea95de",
      "command": "/home/huiwei/miniconda3/envs/ysx_base/bin/python scripts/synthetic_mvp.py --config configs/copy_v05_smoke.json --methods dense,local,random,zigzag --steps 2 --batch-size 2 --eval-batches 1 --output-dir outputs/copy_v05_phase1_smoke",
      "output_dir": "outputs/copy_v05_phase1_smoke/train_N128_seed0_zigzag",
      "log_path": "",
      "CUDA_VISIBLE_DEVICES": "1",
      "gpu_name": "NVIDIA A100-SXM4-80GB",
      "torch_version": "2.10.0+cu128",
      "task": "copy",
      "data_mode": "online",
      "num_values": 4,
      "copy_mode": "full_copy",
      "sep_token": 5,
      "eos_token": 6,
      "pad_token": 0,
      "method": "zigzag",
      "attention_backend": "split",
      "N_train": 128,
      "N_eval": 128,
      "T_raw": 258,
      "T": 272,
      "B": 16,
      "d": 2,
      "G_type": "cyclic",
      "H_type": "cycle",
      "causal": true,
      "seed": 0,
      "architecture": "transformer",
      "layers": 2,
      "d_model": 64,
      "heads": 4,
      "ffn_dim": 128,
      "dropout": 0.1,
      "optimizer": "adamw",
      "learning_rate": 0.001,
      "log_every": 10,
      "steps": 2,
      "batch_size": 2,
      "eval_batches": 1,
      "raw_K": 20,
      "effective_K_mean_after_causal": 10.5,
      "effective_K_min_after_causal": 1,
      "effective_K_max_after_causal": 20,
      "duplicate_rate": 0.475,
      "self_loop_rate": 1.0,
      "attention_pair_count_after_causal": 2856,
      "final_train_loss": 2.0321044921875,
      "eval_loss": 1.8752800226211548,
      "eval_token_accuracy": 0.22093023255813954,
      "eval_sequence_accuracy": 0.0,
      "eval_eos_accuracy": 0.0,
      "training_curves_path": "outputs/copy_v05_phase1_smoke/train_N128_seed0_zigzag/training_curves.png",
      "tokens_per_sec": 28671.297323057624,
      "elapsed_sec": 0.037947358563542366,
      "peak_allocated_gb": 0.025364398956298828,
      "peak_reserved_gb": 0.05078125,
      "artifact_dir": "outputs/copy_v05_phase1_smoke/train_N128_seed0_zigzag",
      "metrics_path": "outputs/copy_v05_phase1_smoke/train_N128_seed0_zigzag/metrics.jsonl",
      "neighbor_shape": [
        272,
        4
      ],
      "block_pair_shape": null,
      "status": "ok",
      "failure_reason": ""
    }
  ]
}
