{"mask_tests": "ok", "cases": 8}
{"step": 1, "method": "dense", "seed": 0, "N_train": 128, "N_eval": 128, "train_loss": 2.106109857559204, "train_token_accuracy": 0.1627907007932663, "train_sequence_accuracy": 0.0, "train_eos_accuracy": 0.0, "eval_loss": 1.925189733505249, "eval_token_accuracy": 0.2054263565891473, "eval_sequence_accuracy": 0.0, "eval_eos_accuracy": 0.0, "tokens_per_sec": 13771.018847178895}
{"step": 2, "method": "dense", "seed": 0, "N_train": 128, "N_eval": 128, "train_loss": 2.0346198081970215, "train_token_accuracy": 0.1434108465909958, "train_sequence_accuracy": 0.0, "train_eos_accuracy": 0.0, "eval_loss": 1.8438726663589478, "eval_token_accuracy": 0.23255813953488372, "eval_sequence_accuracy": 0.0, "eval_eos_accuracy": 0.0, "tokens_per_sec": 21281.03456760131}
{
  "completed": "train_N128_seed0_dense",
  "evals": [
    {
      "run_id": "train_N128_seed0_dense",
      "timestamp": "2026-06-12T05:14:01.734512+00:00",
      "host": "sxyedeMacBook-Air.local",
      "local_or_remote": "local",
      "git_commit": "75330e074f67e3f181dc3e4cab2d941eb54dbf2d",
      "config_path": "configs/copy_v05_smoke.json",
      "config_sha256": "2590d5af79852064249503c451cd818aff222d1bb3b53ac06660a9b7f2ea95de",
      "command": "/Users/sxye/miniconda3/bin/python scripts/synthetic_mvp.py --config configs/copy_v05_smoke.json --methods dense,local,random,zigzag --steps 2 --batch-size 2 --eval-batches 1 --output-dir outputs/copy_v05_phase1_smoke",
      "output_dir": "outputs/copy_v05_phase1_smoke/train_N128_seed0_dense",
      "log_path": "",
      "CUDA_VISIBLE_DEVICES": "",
      "gpu_name": null,
      "torch_version": "2.12.0",
      "task": "copy",
      "data_mode": "online",
      "num_values": 4,
      "copy_mode": "full_copy",
      "sep_token": 5,
      "eos_token": 6,
      "pad_token": 0,
      "method": "dense",
      "attention_backend": "dense_mask",
      "N_train": 128,
      "N_eval": 128,
      "T_raw": 258,
      "T": 272,
      "B": 16,
      "d": 2,
      "G_type": "cyclic",
      "H_type": "cycle",
      "causal": true,
      "seed": 0,
      "architecture": "transformer",
      "layers": 2,
      "d_model": 64,
      "heads": 4,
      "ffn_dim": 128,
      "dropout": 0.1,
      "optimizer": "adamw",
      "learning_rate": 0.001,
      "log_every": 10,
      "steps": 2,
      "batch_size": 2,
      "eval_batches": 1,
      "raw_K": 272,
      "effective_K_mean_after_causal": 136.5,
      "effective_K_min_after_causal": 1,
      "effective_K_max_after_causal": 272,
      "duplicate_rate": 0.49816176470588236,
      "self_loop_rate": 1.0,
      "attention_pair_count_after_causal": 37128,
      "final_train_loss": 2.0346198081970215,
      "eval_loss": 1.8822983503341675,
      "eval_token_accuracy": 0.23255813953488372,
      "eval_sequence_accuracy": 0.0,
      "eval_eos_accuracy": 0.0,
      "training_curves_path": "outputs/copy_v05_phase1_smoke/train_N128_seed0_dense/training_curves.png",
      "tokens_per_sec": 19711.915432363672,
      "elapsed_sec": 0.055195041990373284,
      "peak_allocated_gb": 0.0,
      "peak_reserved_gb": 0.0,
      "artifact_dir": "outputs/copy_v05_phase1_smoke/train_N128_seed0_dense",
      "metrics_path": "outputs/copy_v05_phase1_smoke/train_N128_seed0_dense/metrics.jsonl",
      "neighbor_shape": null,
      "block_pair_shape": null,
      "status": "ok",
      "failure_reason": ""
    }
  ]
}
{"step": 1, "method": "local", "seed": 0, "N_train": 128, "N_eval": 128, "train_loss": 2.0983364582061768, "train_token_accuracy": 0.1666666716337204, "train_sequence_accuracy": 0.0, "train_eos_accuracy": 0.0, "eval_loss": 1.9092693328857422, "eval_token_accuracy": 0.21705426356589147, "eval_sequence_accuracy": 0.0, "eval_eos_accuracy": 0.0, "tokens_per_sec": 71900.60811923785}
{"step": 2, "method": "local", "seed": 0, "N_train": 128, "N_eval": 128, "train_loss": 2.0228688716888428, "train_token_accuracy": 0.151162788271904, "train_sequence_accuracy": 0.0, "train_eos_accuracy": 0.5, "eval_loss": 1.8318763971328735, "eval_token_accuracy": 0.23255813953488372, "eval_sequence_accuracy": 0.0, "eval_eos_accuracy": 0.0, "tokens_per_sec": 67473.21568249597}
{
  "completed": "train_N128_seed0_local",
  "evals": [
    {
      "run_id": "train_N128_seed0_local",
      "timestamp": "2026-06-12T05:14:01.890567+00:00",
      "host": "sxyedeMacBook-Air.local",
      "local_or_remote": "local",
      "git_commit": "75330e074f67e3f181dc3e4cab2d941eb54dbf2d",
      "config_path": "configs/copy_v05_smoke.json",
      "config_sha256": "2590d5af79852064249503c451cd818aff222d1bb3b53ac06660a9b7f2ea95de",
      "command": "/Users/sxye/miniconda3/bin/python scripts/synthetic_mvp.py --config configs/copy_v05_smoke.json --methods dense,local,random,zigzag --steps 2 --batch-size 2 --eval-batches 1 --output-dir outputs/copy_v05_phase1_smoke",
      "output_dir": "outputs/copy_v05_phase1_smoke/train_N128_seed0_local",
      "log_path": "",
      "CUDA_VISIBLE_DEVICES": "",
      "gpu_name": null,
      "torch_version": "2.12.0",
      "task": "copy",
      "data_mode": "online",
      "num_values": 4,
      "copy_mode": "full_copy",
      "sep_token": 5,
      "eos_token": 6,
      "pad_token": 0,
      "method": "local",
      "attention_backend": "split",
      "N_train": 128,
      "N_eval": 128,
      "T_raw": 258,
      "T": 272,
      "B": 16,
      "d": 2,
      "G_type": "cyclic",
      "H_type": "cycle",
      "causal": true,
      "seed": 0,
      "architecture": "transformer",
      "layers": 2,
      "d_model": 64,
      "heads": 4,
      "ffn_dim": 128,
      "dropout": 0.1,
      "optimizer": "adamw",
      "learning_rate": 0.001,
      "log_every": 10,
      "steps": 2,
      "batch_size": 2,
      "eval_batches": 1,
      "raw_K": 16,
      "effective_K_mean_after_causal": 8.5,
      "effective_K_min_after_causal": 1,
      "effective_K_max_after_causal": 16,
      "duplicate_rate": 0.46875,
      "self_loop_rate": 1.0,
      "attention_pair_count_after_causal": 2312,
      "final_train_loss": 2.0228688716888428,
      "eval_loss": 1.8752212524414062,
      "eval_token_accuracy": 0.21705426356589147,
      "eval_sequence_accuracy": 0.0,
      "eval_eos_accuracy": 0.0,
      "training_curves_path": "outputs/copy_v05_phase1_smoke/train_N128_seed0_local/training_curves.png",
      "tokens_per_sec": 60152.870096002756,
      "elapsed_sec": 0.018087250005919486,
      "peak_allocated_gb": 0.0,
      "peak_reserved_gb": 0.0,
      "artifact_dir": "outputs/copy_v05_phase1_smoke/train_N128_seed0_local",
      "metrics_path": "outputs/copy_v05_phase1_smoke/train_N128_seed0_local/metrics.jsonl",
      "neighbor_shape": [
        272,
        0
      ],
      "block_pair_shape": null,
      "status": "ok",
      "failure_reason": ""
    }
  ]
}
{"step": 1, "method": "random", "seed": 0, "N_train": 128, "N_eval": 128, "train_loss": 2.10436749458313, "train_token_accuracy": 0.1627907007932663, "train_sequence_accuracy": 0.0, "train_eos_accuracy": 0.0, "eval_loss": 1.9156954288482666, "eval_token_accuracy": 0.21705426356589147, "eval_sequence_accuracy": 0.0, "eval_eos_accuracy": 0.0, "tokens_per_sec": 53634.80835361247}
{"step": 2, "method": "random", "seed": 0, "N_train": 128, "N_eval": 128, "train_loss": 2.025658369064331, "train_token_accuracy": 0.1589147299528122, "train_sequence_accuracy": 0.0, "train_eos_accuracy": 0.0, "eval_loss": 1.8372228145599365, "eval_token_accuracy": 0.2248062015503876, "eval_sequence_accuracy": 0.0, "eval_eos_accuracy": 0.0, "tokens_per_sec": 50206.21227744233}
{
  "completed": "train_N128_seed0_random",
  "evals": [
    {
      "run_id": "train_N128_seed0_random",
      "timestamp": "2026-06-12T05:14:02.022269+00:00",
      "host": "sxyedeMacBook-Air.local",
      "local_or_remote": "local",
      "git_commit": "75330e074f67e3f181dc3e4cab2d941eb54dbf2d",
      "config_path": "configs/copy_v05_smoke.json",
      "config_sha256": "2590d5af79852064249503c451cd818aff222d1bb3b53ac06660a9b7f2ea95de",
      "command": "/Users/sxye/miniconda3/bin/python scripts/synthetic_mvp.py --config configs/copy_v05_smoke.json --methods dense,local,random,zigzag --steps 2 --batch-size 2 --eval-batches 1 --output-dir outputs/copy_v05_phase1_smoke",
      "output_dir": "outputs/copy_v05_phase1_smoke/train_N128_seed0_random",
      "log_path": "",
      "CUDA_VISIBLE_DEVICES": "",
      "gpu_name": null,
      "torch_version": "2.12.0",
      "task": "copy",
      "data_mode": "online",
      "num_values": 4,
      "copy_mode": "full_copy",
      "sep_token": 5,
      "eos_token": 6,
      "pad_token": 0,
      "method": "random",
      "attention_backend": "split",
      "N_train": 128,
      "N_eval": 128,
      "T_raw": 258,
      "T": 272,
      "B": 16,
      "d": 2,
      "G_type": "cyclic",
      "H_type": "cycle",
      "causal": true,
      "seed": 0,
      "architecture": "transformer",
      "layers": 2,
      "d_model": 64,
      "heads": 4,
      "ffn_dim": 128,
      "dropout": 0.1,
      "optimizer": "adamw",
      "learning_rate": 0.001,
      "log_every": 10,
      "steps": 2,
      "batch_size": 2,
      "eval_batches": 1,
      "raw_K": 20,
      "effective_K_mean_after_causal": 10.459558486938477,
      "effective_K_min_after_causal": 1,
      "effective_K_max_after_causal": 20,
      "duplicate_rate": 0.4770220756530762,
      "self_loop_rate": 1.0,
      "attention_pair_count_after_causal": 2845,
      "final_train_loss": 2.025658369064331,
      "eval_loss": 1.877402901649475,
      "eval_token_accuracy": 0.21705426356589147,
      "eval_sequence_accuracy": 0.0,
      "eval_eos_accuracy": 0.0,
      "training_curves_path": "outputs/copy_v05_phase1_smoke/train_N128_seed0_random/training_curves.png",
      "tokens_per_sec": 44619.728177079574,
      "elapsed_sec": 0.02438383299158886,
      "peak_allocated_gb": 0.0,
      "peak_reserved_gb": 0.0,
      "artifact_dir": "outputs/copy_v05_phase1_smoke/train_N128_seed0_random",
      "metrics_path": "outputs/copy_v05_phase1_smoke/train_N128_seed0_random/metrics.jsonl",
      "neighbor_shape": [
        272,
        4
      ],
      "block_pair_shape": null,
      "status": "ok",
      "failure_reason": ""
    }
  ]
}
{"step": 1, "method": "zigzag", "seed": 0, "N_train": 128, "N_eval": 128, "train_loss": 2.102008819580078, "train_token_accuracy": 0.1589147299528122, "train_sequence_accuracy": 0.0, "train_eos_accuracy": 0.0, "eval_loss": 1.9127156734466553, "eval_token_accuracy": 0.22093023255813954, "eval_sequence_accuracy": 0.0, "eval_eos_accuracy": 0.0, "tokens_per_sec": 63297.8261694107}
{"step": 2, "method": "zigzag", "seed": 0, "N_train": 128, "N_eval": 128, "train_loss": 2.0272984504699707, "train_token_accuracy": 0.1472868174314499, "train_sequence_accuracy": 0.0, "train_eos_accuracy": 0.0, "eval_loss": 1.8340392112731934, "eval_token_accuracy": 0.2364341085271318, "eval_sequence_accuracy": 0.0, "eval_eos_accuracy": 0.0, "tokens_per_sec": 57738.742796976105}
{
  "completed": "train_N128_seed0_zigzag",
  "evals": [
    {
      "run_id": "train_N128_seed0_zigzag",
      "timestamp": "2026-06-12T05:14:02.141407+00:00",
      "host": "sxyedeMacBook-Air.local",
      "local_or_remote": "local",
      "git_commit": "75330e074f67e3f181dc3e4cab2d941eb54dbf2d",
      "config_path": "configs/copy_v05_smoke.json",
      "config_sha256": "2590d5af79852064249503c451cd818aff222d1bb3b53ac06660a9b7f2ea95de",
      "command": "/Users/sxye/miniconda3/bin/python scripts/synthetic_mvp.py --config configs/copy_v05_smoke.json --methods dense,local,random,zigzag --steps 2 --batch-size 2 --eval-batches 1 --output-dir outputs/copy_v05_phase1_smoke",
      "output_dir": "outputs/copy_v05_phase1_smoke/train_N128_seed0_zigzag",
      "log_path": "",
      "CUDA_VISIBLE_DEVICES": "",
      "gpu_name": null,
      "torch_version": "2.12.0",
      "task": "copy",
      "data_mode": "online",
      "num_values": 4,
      "copy_mode": "full_copy",
      "sep_token": 5,
      "eos_token": 6,
      "pad_token": 0,
      "method": "zigzag",
      "attention_backend": "split",
      "N_train": 128,
      "N_eval": 128,
      "T_raw": 258,
      "T": 272,
      "B": 16,
      "d": 2,
      "G_type": "cyclic",
      "H_type": "cycle",
      "causal": true,
      "seed": 0,
      "architecture": "transformer",
      "layers": 2,
      "d_model": 64,
      "heads": 4,
      "ffn_dim": 128,
      "dropout": 0.1,
      "optimizer": "adamw",
      "learning_rate": 0.001,
      "log_every": 10,
      "steps": 2,
      "batch_size": 2,
      "eval_batches": 1,
      "raw_K": 20,
      "effective_K_mean_after_causal": 10.5,
      "effective_K_min_after_causal": 1,
      "effective_K_max_after_causal": 20,
      "duplicate_rate": 0.475,
      "self_loop_rate": 1.0,
      "attention_pair_count_after_causal": 2856,
      "final_train_loss": 2.0272984504699707,
      "eval_loss": 1.8753446340560913,
      "eval_token_accuracy": 0.22093023255813954,
      "eval_sequence_accuracy": 0.0,
      "eval_eos_accuracy": 0.0,
      "training_curves_path": "outputs/copy_v05_phase1_smoke/train_N128_seed0_zigzag/training_curves.png",
      "tokens_per_sec": 51333.871538973246,
      "elapsed_sec": 0.02119458297966048,
      "peak_allocated_gb": 0.0,
      "peak_reserved_gb": 0.0,
      "artifact_dir": "outputs/copy_v05_phase1_smoke/train_N128_seed0_zigzag",
      "metrics_path": "outputs/copy_v05_phase1_smoke/train_N128_seed0_zigzag/metrics.jsonl",
      "neighbor_shape": [
        272,
        4
      ],
      "block_pair_shape": null,
      "status": "ok",
      "failure_reason": ""
    }
  ]
}
